#
# There is insufficient memory for the Java Runtime Environment to continue.
# Native memory allocation (malloc) failed to allocate 1745456 bytes. Error detail: Chunk::new
# Possible reasons:
#   The system is out of physical RAM or swap space
#   This process is running with CompressedOops enabled, and the Java Heap may be blocking the growth of the native heap
# Possible solutions:
#   Reduce memory load on the system
#   Increase physical memory or swap space
#   Check if swap backing store is full
#   Decrease Java heap size (-Xmx/-Xms)
#   Decrease number of Java threads
#   Decrease Java thread stack sizes (-Xss)
#   Set larger code cache with -XX:ReservedCodeCacheSize=
#   JVM is running with Unscaled Compressed Oops mode in which the Java heap is
#     placed in the first 4GB address space. The Java Heap base address is the
#     maximum limit for the native heap growth. Please use -XX:HeapBaseMinAddress
#     to set the Java Heap base and to place the Java Heap above 4GB virtual address.
# This output file may be truncated or incomplete.
#
#  Out of Memory Error (arena.cpp:191), pid=32748, tid=39408
#
# JRE version: OpenJDK Runtime Environment Temurin-17.0.13+11 (17.0.13+11) (build 17.0.13+11)
# Java VM: OpenJDK 64-Bit Server VM Temurin-17.0.13+11 (17.0.13+11, mixed mode, tiered, compressed oops, compressed class ptrs, parallel gc, windows-amd64)
# No core dump will be written. Minidumps are not enabled by default on client versions of Windows
#

---------------  S U M M A R Y ------------

Command Line: --add-modules=ALL-SYSTEM --add-opens=java.base/java.util=ALL-UNNAMED --add-opens=java.base/java.lang=ALL-UNNAMED --add-opens=java.base/sun.nio.fs=ALL-UNNAMED -Declipse.application=org.eclipse.jdt.ls.core.id1 -Dosgi.bundles.defaultStartLevel=4 -Declipse.product=org.eclipse.jdt.ls.core.product -Djava.import.generatesMetadataFilesAtProjectRoot=false -DDetectVMInstallationsJob.disabled=true -Dfile.encoding=utf8 -XX:+UseParallelGC -XX:GCTimeRatio=4 -XX:AdaptiveSizePolicyWeight=90 -Dsun.zip.disableMemoryMapping=true -Xmx1G -Xms100m -Xlog:disable -javaagent:c:\Users\- ACER -\.vscode\extensions\redhat.java-1.36.0-win32-x64\lombok\lombok-1.18.35.jar -XX:+HeapDumpOnOutOfMemoryError -XX:HeapDumpPath=c:\Users\- ACER -\AppData\Roaming\Code\User\workspaceStorage\6393be00c954e353ce50cadb054b5d50\redhat.java -Daether.dependencyCollector.impl=bf c:\Users\- ACER -\.vscode\extensions\redhat.java-1.36.0-win32-x64\server\plugins\org.eclipse.equinox.launcher_1.6.900.v20240613-2009.jar -configuration c:\Users\- ACER -\AppData\Roaming\Code\User\globalStorage\redhat.java\1.36.0\config_win -data c:\Users\- ACER -\AppData\Roaming\Code\User\workspaceStorage\6393be00c954e353ce50cadb054b5d50\redhat.java\jdt_ws --pipe=\\.\pipe\lsp-d94056c83251f22ce78667a822a9fb53-sock

Host: 12th Gen Intel(R) Core(TM) i3-1215U, 8 cores, 7G,  Windows 11 , 64 bit Build 22621 (10.0.22621.3958)
Time: Wed Nov  6 23:08:14 2024 SE Asia Standard Time elapsed time: 18.730950 seconds (0d 0h 0m 18s)

---------------  T H R E A D  ---------------

Current thread (0x0000020253ea2fa0):  JavaThread "C2 CompilerThread1" daemon [_thread_in_native, id=39408, stack(0x000000b846300000,0x000000b846400000)]


Current CompileTask:
C2:  18731 4048   !   4       org.eclipse.osgi.internal.loader.classpath.ClasspathManager::findClassImpl (308 bytes)

Stack: [0x000000b846300000,0x000000b846400000]
Native frames: (J=compiled Java code, j=interpreted, Vv=VM code, C=native code)
V  [jvm.dll+0x682a19]
V  [jvm.dll+0x839538]
V  [jvm.dll+0x83afe3]
V  [jvm.dll+0x83b653]
V  [jvm.dll+0x24704f]
V  [jvm.dll+0xace34]
V  [jvm.dll+0xad4cc]
V  [jvm.dll+0x36592f]
V  [jvm.dll+0x32fbd8]
V  [jvm.dll+0x32f05a]
V  [jvm.dll+0x21804f]
V  [jvm.dll+0x21748f]
V  [jvm.dll+0x1a3070]
V  [jvm.dll+0x22788c]
V  [jvm.dll+0x2259eb]
V  [jvm.dll+0x7eec98]
V  [jvm.dll+0x7e8ffc]
V  [jvm.dll+0x6818f7]
C  [ucrtbase.dll+0x29333]
C  [KERNEL32.DLL+0x1257d]
C  [ntdll.dll+0x5af08]


---------------  P R O C E S S  ---------------

Threads class SMR info:
_java_thread_list=0x0000020255cd3820, length=38, elements={
0x000002023980ec00, 0x000002024d694010, 0x00000202398b91b0, 0x000002024d69bfd0,
0x000002024d69c8a0, 0x000002024d69d370, 0x000002024d69de40, 0x00000202527f9010,
0x0000020252812c20, 0x000002025282f0b0, 0x0000020252929c30, 0x00000202539a7ff0,
0x00000202541757f0, 0x00000202542762a0, 0x0000020252955c30, 0x0000020252956920,
0x000002025429c7b0, 0x00000202528cd4b0, 0x00000202528cc070, 0x0000020253ea2fa0,
0x00000202528cbb60, 0x00000202528cc580, 0x00000202528cca90, 0x00000202528cd9c0,
0x00000202528ce8f0, 0x00000202528cee00, 0x0000020255a37670, 0x0000020255a35d20,
0x0000020255a32060, 0x0000020255a35300, 0x0000020255a32570, 0x0000020255a36c50,
0x0000020255a385a0, 0x0000020255a32a80, 0x0000020255a36230, 0x0000020255a37b80,
0x0000020255a38090, 0x0000020255a32f90
}

Java Threads: ( => current thread )
  0x000002023980ec00 JavaThread "main" [_thread_in_vm, id=43132, stack(0x000000b844600000,0x000000b844700000)]
  0x000002024d694010 JavaThread "Reference Handler" daemon [_thread_blocked, id=42928, stack(0x000000b844900000,0x000000b844a00000)]
  0x00000202398b91b0 JavaThread "Finalizer" daemon [_thread_blocked, id=28992, stack(0x000000b844a00000,0x000000b844b00000)]
  0x000002024d69bfd0 JavaThread "Signal Dispatcher" daemon [_thread_blocked, id=26496, stack(0x000000b844b00000,0x000000b844c00000)]
  0x000002024d69c8a0 JavaThread "Attach Listener" daemon [_thread_blocked, id=31800, stack(0x000000b844c00000,0x000000b844d00000)]
  0x000002024d69d370 JavaThread "Service Thread" daemon [_thread_blocked, id=27620, stack(0x000000b844d00000,0x000000b844e00000)]
  0x000002024d69de40 JavaThread "Monitor Deflation Thread" daemon [_thread_blocked, id=30420, stack(0x000000b844e00000,0x000000b844f00000)]
  0x00000202527f9010 JavaThread "C2 CompilerThread0" daemon [_thread_in_native, id=29204, stack(0x000000b844f00000,0x000000b845000000)]
  0x0000020252812c20 JavaThread "C1 CompilerThread0" daemon [_thread_in_native, id=37044, stack(0x000000b845000000,0x000000b845100000)]
  0x000002025282f0b0 JavaThread "Sweeper thread" daemon [_thread_blocked, id=2188, stack(0x000000b845100000,0x000000b845200000)]
  0x0000020252929c30 JavaThread "Common-Cleaner" daemon [_thread_blocked, id=31036, stack(0x000000b845200000,0x000000b845300000)]
  0x00000202539a7ff0 JavaThread "Notification Thread" daemon [_thread_blocked, id=42820, stack(0x000000b845300000,0x000000b845400000)]
  0x00000202541757f0 JavaThread "Active Thread: Equinox Container: 1ca7c211-4951-4710-b6d0-44263a6b577b" [_thread_blocked, id=22456, stack(0x000000b845d00000,0x000000b845e00000)]
  0x00000202542762a0 JavaThread "Refresh Thread: Equinox Container: 1ca7c211-4951-4710-b6d0-44263a6b577b" daemon [_thread_blocked, id=28568, stack(0x000000b845b00000,0x000000b845c00000)]
  0x0000020252955c30 JavaThread "Framework Event Dispatcher: Equinox Container: 1ca7c211-4951-4710-b6d0-44263a6b577b" daemon [_thread_blocked, id=32384, stack(0x000000b845c00000,0x000000b845d00000)]
  0x0000020252956920 JavaThread "Start Level: Equinox Container: 1ca7c211-4951-4710-b6d0-44263a6b577b" daemon [_thread_blocked, id=8624, stack(0x000000b845e00000,0x000000b845f00000)]
  0x000002025429c7b0 JavaThread "Bundle File Closer" daemon [_thread_blocked, id=41780, stack(0x000000b846100000,0x000000b846200000)]
  0x00000202528cd4b0 JavaThread "SCR Component Actor" daemon [_thread_blocked, id=37764, stack(0x000000b846000000,0x000000b846100000)]
  0x00000202528cc070 JavaThread "SCR Component Registry" daemon [_thread_blocked, id=39576, stack(0x000000b846200000,0x000000b846300000)]
=>0x0000020253ea2fa0 JavaThread "C2 CompilerThread1" daemon [_thread_in_native, id=39408, stack(0x000000b846300000,0x000000b846400000)]
  0x00000202528cbb60 JavaThread "Worker-JM" [_thread_blocked, id=18324, stack(0x000000b846400000,0x000000b846500000)]
  0x00000202528cc580 JavaThread "JNA Cleaner" daemon [_thread_blocked, id=42712, stack(0x000000b846500000,0x000000b846600000)]
  0x00000202528cca90 JavaThread "Worker-0: Repository registry initialization" [_thread_blocked, id=41596, stack(0x000000b846600000,0x000000b846700000)]
  0x00000202528cd9c0 JavaThread "Worker-1: Updating Maven Dependencies" [_thread_in_native, id=35552, stack(0x000000b846700000,0x000000b846800000)]
  0x00000202528ce8f0 JavaThread "Java indexing" daemon [_thread_blocked, id=33496, stack(0x000000b846800000,0x000000b846900000)]
  0x00000202528cee00 JavaThread "Worker-2: Initialize After Load" [_thread_in_Java, id=23868, stack(0x000000b846900000,0x000000b846a00000)]
  0x0000020255a37670 JavaThread "Worker-3: Java indexing... " [_thread_blocked, id=7452, stack(0x000000b846a00000,0x000000b846b00000)]
  0x0000020255a35d20 JavaThread "Thread-2" daemon [_thread_in_native, id=9768, stack(0x000000b846b00000,0x000000b846c00000)]
  0x0000020255a32060 JavaThread "Thread-3" daemon [_thread_in_native, id=24904, stack(0x000000b846c00000,0x000000b846d00000)]
  0x0000020255a35300 JavaThread "Thread-4" daemon [_thread_in_native, id=42856, stack(0x000000b846d00000,0x000000b846e00000)]
  0x0000020255a32570 JavaThread "Thread-5" daemon [_thread_in_native, id=42016, stack(0x000000b846e00000,0x000000b846f00000)]
  0x0000020255a36c50 JavaThread "Thread-6" daemon [_thread_in_native, id=27560, stack(0x000000b846f00000,0x000000b847000000)]
  0x0000020255a385a0 JavaThread "Thread-7" daemon [_thread_in_native, id=37412, stack(0x000000b847000000,0x000000b847100000)]
  0x0000020255a32a80 JavaThread "Thread-8" daemon [_thread_in_native, id=39648, stack(0x000000b847100000,0x000000b847200000)]
  0x0000020255a36230 JavaThread "Thread-9" daemon [_thread_in_native, id=16108, stack(0x000000b847200000,0x000000b847300000)]
  0x0000020255a37b80 JavaThread "Thread-10" daemon [_thread_in_native, id=38124, stack(0x000000b847300000,0x000000b847400000)]
  0x0000020255a38090 JavaThread "pool-2-thread-1" [_thread_blocked, id=37024, stack(0x000000b847400000,0x000000b847500000)]
  0x0000020255a32f90 JavaThread "Worker-4" [_thread_blocked, id=41764, stack(0x000000b847500000,0x000000b847600000)]

Other Threads:
  0x00000202398b6b70 VMThread "VM Thread" [stack: 0x000000b844800000,0x000000b844900000] [id=37392]
  0x0000020252b407f0 WatcherThread [stack: 0x000000b845400000,0x000000b845500000] [id=3692]
  0x0000020239823810 GCTaskThread "GC Thread#0" [stack: 0x000000b844700000,0x000000b844800000] [id=43924]
  0x0000020253c83850 GCTaskThread "GC Thread#1" [stack: 0x000000b845500000,0x000000b845600000] [id=19108]
  0x0000020253a071b0 GCTaskThread "GC Thread#2" [stack: 0x000000b845600000,0x000000b845700000] [id=4156]
  0x0000020253fec450 GCTaskThread "GC Thread#3" [stack: 0x000000b845700000,0x000000b845800000] [id=41864]
  0x0000020253fec710 GCTaskThread "GC Thread#4" [stack: 0x000000b845800000,0x000000b845900000] [id=39056]
  0x0000020253fec9d0 GCTaskThread "GC Thread#5" [stack: 0x000000b845900000,0x000000b845a00000] [id=22436]
  0x0000020252b48530 GCTaskThread "GC Thread#6" [stack: 0x000000b845a00000,0x000000b845b00000] [id=42440]
  0x00000202529d3d50 GCTaskThread "GC Thread#7" [stack: 0x000000b845f00000,0x000000b846000000] [id=33836]

Threads with active compile tasks:
C2 CompilerThread0    18773 4084       4       jdk.internal.module.SystemModuleFinders$SystemModuleReader::containsImageLocation (42 bytes)
C1 CompilerThread0    18774 4366       2       jdk.internal.jimage.ImageStringsReader::hashCode (9 bytes)
C2 CompilerThread1    18774 4048   !   4       org.eclipse.osgi.internal.loader.classpath.ClasspathManager::findClassImpl (308 bytes)

VM state: not at safepoint (normal execution)

VM Mutex/Monitor currently owned by a thread: None

Heap address: 0x00000000c0000000, size: 1024 MB, Compressed Oops mode: 32-bit

CDS archive(s) not mapped
Compressed class space mapped at: 0x0000000100000000-0x0000000140000000, reserved size: 1073741824
Narrow klass base: 0x0000000000000000, Narrow klass shift: 3, Narrow klass range: 0x140000000

GC Precious Log:
 CPUs: 8 total, 8 available
 Memory: 7916M
 Large Page Support: Disabled
 NUMA Support: Disabled
 Compressed Oops: Enabled (32-bit)
 Alignments: Space 512K, Generation 512K, Heap 2M
 Heap Min Capacity: 100M
 Heap Initial Capacity: 100M
 Heap Max Capacity: 1G
 Pre-touch: Disabled
 Parallel Workers: 8

Heap:
 PSYoungGen      total 23552K, used 17677K [0x00000000eab00000, 0x00000000ec680000, 0x0000000100000000)
  eden space 22016K, 73% used [0x00000000eab00000,0x00000000ebac70a8,0x00000000ec080000)
  from space 1536K, 99% used [0x00000000ec400000,0x00000000ec57c5d8,0x00000000ec580000)
  to   space 1024K, 0% used [0x00000000ec580000,0x00000000ec580000,0x00000000ec680000)
 ParOldGen       total 68608K, used 15808K [0x00000000c0000000, 0x00000000c4300000, 0x00000000eab00000)
  object space 68608K, 23% used [0x00000000c0000000,0x00000000c0f702c8,0x00000000c4300000)
 Metaspace       used 42147K, committed 43072K, reserved 1114112K
  class space    used 4331K, committed 4736K, reserved 1048576K

Card table byte_map: [0x00000202391d0000,0x00000202393e0000] _byte_map_base: 0x0000020238bd0000

Marking Bits: (ParMarkBitMap*) 0x00007ffa59426940
 Begin Bits: [0x000002024b4a0000, 0x000002024c4a0000)
 End Bits:   [0x000002024c4a0000, 0x000002024d4a0000)

Polling page: 0x0000020238fc0000

Metaspace:

Usage:
  Non-class:     36.93 MB used.
      Class:      4.23 MB used.
       Both:     41.16 MB used.

Virtual space:
  Non-class space:       64.00 MB reserved,      37.44 MB ( 58%) committed,  1 nodes.
      Class space:        1.00 GB reserved,       4.62 MB ( <1%) committed,  1 nodes.
             Both:        1.06 GB reserved,      42.06 MB (  4%) committed. 

Chunk freelists:
   Non-Class:  10.45 MB
       Class:  11.35 MB
        Both:  21.80 MB

MaxMetaspaceSize: unlimited
CompressedClassSpaceSize: 1.00 GB
Initial GC threshold: 21.00 MB
Current GC threshold: 58.38 MB
CDS: off
MetaspaceReclaimPolicy: balanced
 - commit_granule_bytes: 65536.
 - commit_granule_words: 8192.
 - virtual_space_node_default_size: 8388608.
 - enlarge_chunks_in_place: 1.
 - new_chunks_are_fully_committed: 0.
 - uncommit_free_chunks: 1.
 - use_allocation_guard: 0.
 - handle_deallocations: 1.


Internal statistics:

num_allocs_failed_limit: 6.
num_arena_births: 512.
num_arena_deaths: 14.
num_vsnodes_births: 2.
num_vsnodes_deaths: 0.
num_space_committed: 673.
num_space_uncommitted: 0.
num_chunks_returned_to_freelist: 20.
num_chunks_taken_from_freelist: 1984.
num_chunk_merges: 8.
num_chunk_splits: 1239.
num_chunks_enlarged: 777.
num_inconsistent_stats: 0.

CodeHeap 'non-profiled nmethods': size=120000Kb used=2018Kb max_used=2018Kb free=117981Kb
 bounds [0x0000020243f70000, 0x00000202441e0000, 0x000002024b4a0000]
CodeHeap 'profiled nmethods': size=120000Kb used=9038Kb max_used=9038Kb free=110962Kb
 bounds [0x000002023c4a0000, 0x000002023cd80000, 0x00000202439d0000]
CodeHeap 'non-nmethods': size=5760Kb used=1278Kb max_used=1330Kb free=4481Kb
 bounds [0x00000202439d0000, 0x0000020243c40000, 0x0000020243f70000]
 total_blobs=4963 nmethods=4358 adapters=518
 compilation: enabled
              stopped_count=0, restarted_count=0
 full_count=0

Compilation events (20 events):
Event: 18.718 Thread 0x0000020252812c20 nmethod 4291 0x000002023cd53910 code [0x000002023cd53aa0, 0x000002023cd53bb8]
Event: 18.718 Thread 0x0000020252812c20 4288       2       java.util.Arrays::stream (8 bytes)
Event: 18.718 Thread 0x0000020252812c20 nmethod 4288 0x000002023cd53c90 code [0x000002023cd53e40, 0x000002023cd53f78]
Event: 18.718 Thread 0x0000020252812c20 4289       2       java.util.Spliterators::checkFromToBounds (74 bytes)
Event: 18.719 Thread 0x0000020252812c20 nmethod 4289 0x000002023cd54090 code [0x000002023cd542c0, 0x000002023cd547c8]
Event: 18.719 Thread 0x0000020252812c20 4292       2       sun.reflect.generics.visitor.Reifier::make (9 bytes)
Event: 18.719 Thread 0x0000020252812c20 nmethod 4292 0x000002023cd54b10 code [0x000002023cd54ca0, 0x000002023cd54df8]
Event: 18.719 Thread 0x0000020252812c20 4293       2       sun.reflect.generics.visitor.Reifier::<init> (10 bytes)
Event: 18.719 Thread 0x0000020252812c20 nmethod 4293 0x000002023cd54e90 code [0x000002023cd55020, 0x000002023cd55138]
Event: 18.720 Thread 0x0000020252812c20 4294       1       java.lang.reflect.Method::getGenericSignature (5 bytes)
Event: 18.720 Thread 0x0000020252812c20 nmethod 4294 0x0000020244162410 code [0x00000202441625a0, 0x0000020244162678]
Event: 18.723 Thread 0x0000020252812c20 4295       2       java.lang.Class::copyFields (36 bytes)
Event: 18.725 Thread 0x0000020252812c20 nmethod 4295 0x000002023cd55210 code [0x000002023cd553e0, 0x000002023cd55808]
Event: 18.725 Thread 0x0000020252812c20 4296       2       com.google.inject.spi.InjectionPoint::isEligibleForInjection (31 bytes)
Event: 18.725 Thread 0x0000020252812c20 nmethod 4296 0x000002023cd55b10 code [0x000002023cd55ca0, 0x000002023cd55e18]
Event: 18.725 Thread 0x0000020252812c20 4297       2       java.lang.reflect.Field::getAnnotation (23 bytes)
Event: 18.726 Thread 0x0000020252812c20 nmethod 4297 0x000002023cd55f10 code [0x000002023cd56100, 0x000002023cd56468]
Event: 18.726 Thread 0x0000020252812c20 4298       2       java.util.ArrayList::set (24 bytes)
Event: 18.727 Thread 0x0000020252812c20 nmethod 4298 0x000002023cd56610 code [0x000002023cd567c0, 0x000002023cd569e8]
Event: 18.727 Thread 0x0000020252812c20 4302       2       java.util.TimSort::sort (229 bytes)

GC Heap History (20 events):
Event: 15.701 GC heap before
{Heap before GC invocations=6 (full 1):
 PSYoungGen      total 29696K, used 4093K [0x00000000eab00000, 0x00000000ece00000, 0x0000000100000000)
  eden space 25600K, 0% used [0x00000000eab00000,0x00000000eab00000,0x00000000ec400000)
  from space 4096K, 99% used [0x00000000ec400000,0x00000000ec7ff7d0,0x00000000ec800000)
  to   space 5120K, 0% used [0x00000000ec900000,0x00000000ec900000,0x00000000ece00000)
 ParOldGen       total 68608K, used 6691K [0x00000000c0000000, 0x00000000c4300000, 0x00000000eab00000)
  object space 68608K, 9% used [0x00000000c0000000,0x00000000c0688cb8,0x00000000c4300000)
 Metaspace       used 21054K, committed 21504K, reserved 1114112K
  class space    used 2121K, committed 2304K, reserved 1048576K
}
Event: 15.729 GC heap after
{Heap after GC invocations=6 (full 1):
 PSYoungGen      total 29696K, used 0K [0x00000000eab00000, 0x00000000ece00000, 0x0000000100000000)
  eden space 25600K, 0% used [0x00000000eab00000,0x00000000eab00000,0x00000000ec400000)
  from space 4096K, 0% used [0x00000000ec400000,0x00000000ec400000,0x00000000ec800000)
  to   space 5120K, 0% used [0x00000000ec900000,0x00000000ec900000,0x00000000ece00000)
 ParOldGen       total 68608K, used 10514K [0x00000000c0000000, 0x00000000c4300000, 0x00000000eab00000)
  object space 68608K, 15% used [0x00000000c0000000,0x00000000c0a44bf8,0x00000000c4300000)
 Metaspace       used 21054K, committed 21504K, reserved 1114112K
  class space    used 2121K, committed 2304K, reserved 1048576K
}
Event: 16.271 GC heap before
{Heap before GC invocations=7 (full 1):
 PSYoungGen      total 29696K, used 25600K [0x00000000eab00000, 0x00000000ece00000, 0x0000000100000000)
  eden space 25600K, 100% used [0x00000000eab00000,0x00000000ec400000,0x00000000ec400000)
  from space 4096K, 0% used [0x00000000ec400000,0x00000000ec400000,0x00000000ec800000)
  to   space 5120K, 0% used [0x00000000ec900000,0x00000000ec900000,0x00000000ece00000)
 ParOldGen       total 68608K, used 10514K [0x00000000c0000000, 0x00000000c4300000, 0x00000000eab00000)
  object space 68608K, 15% used [0x00000000c0000000,0x00000000c0a44bf8,0x00000000c4300000)
 Metaspace       used 24822K, committed 25408K, reserved 1114112K
  class space    used 2524K, committed 2752K, reserved 1048576K
}
Event: 16.276 GC heap after
{Heap after GC invocations=7 (full 1):
 PSYoungGen      total 26624K, used 1155K [0x00000000eab00000, 0x00000000eca80000, 0x0000000100000000)
  eden space 25088K, 0% used [0x00000000eab00000,0x00000000eab00000,0x00000000ec380000)
  from space 1536K, 75% used [0x00000000ec900000,0x00000000eca20e70,0x00000000eca80000)
  to   space 2560K, 0% used [0x00000000ec580000,0x00000000ec580000,0x00000000ec800000)
 ParOldGen       total 68608K, used 10522K [0x00000000c0000000, 0x00000000c4300000, 0x00000000eab00000)
  object space 68608K, 15% used [0x00000000c0000000,0x00000000c0a46bf8,0x00000000c4300000)
 Metaspace       used 24822K, committed 25408K, reserved 1114112K
  class space    used 2524K, committed 2752K, reserved 1048576K
}
Event: 16.738 GC heap before
{Heap before GC invocations=8 (full 1):
 PSYoungGen      total 26624K, used 26243K [0x00000000eab00000, 0x00000000eca80000, 0x0000000100000000)
  eden space 25088K, 100% used [0x00000000eab00000,0x00000000ec380000,0x00000000ec380000)
  from space 1536K, 75% used [0x00000000ec900000,0x00000000eca20e70,0x00000000eca80000)
  to   space 2560K, 0% used [0x00000000ec580000,0x00000000ec580000,0x00000000ec800000)
 ParOldGen       total 68608K, used 10522K [0x00000000c0000000, 0x00000000c4300000, 0x00000000eab00000)
  object space 68608K, 15% used [0x00000000c0000000,0x00000000c0a46bf8,0x00000000c4300000)
 Metaspace       used 27363K, committed 28032K, reserved 1114112K
  class space    used 2815K, committed 3072K, reserved 1048576K
}
Event: 16.742 GC heap after
{Heap after GC invocations=8 (full 1):
 PSYoungGen      total 27136K, used 2537K [0x00000000eab00000, 0x00000000eca00000, 0x0000000100000000)
  eden space 24576K, 0% used [0x00000000eab00000,0x00000000eab00000,0x00000000ec300000)
  from space 2560K, 99% used [0x00000000ec580000,0x00000000ec7fa498,0x00000000ec800000)
  to   space 2048K, 0% used [0x00000000ec800000,0x00000000ec800000,0x00000000eca00000)
 ParOldGen       total 68608K, used 10866K [0x00000000c0000000, 0x00000000c4300000, 0x00000000eab00000)
  object space 68608K, 15% used [0x00000000c0000000,0x00000000c0a9cbf8,0x00000000c4300000)
 Metaspace       used 27363K, committed 28032K, reserved 1114112K
  class space    used 2815K, committed 3072K, reserved 1048576K
}
Event: 17.112 GC heap before
{Heap before GC invocations=9 (full 1):
 PSYoungGen      total 27136K, used 27113K [0x00000000eab00000, 0x00000000eca00000, 0x0000000100000000)
  eden space 24576K, 99% used [0x00000000eab00000,0x00000000ec2fffe8,0x00000000ec300000)
  from space 2560K, 99% used [0x00000000ec580000,0x00000000ec7fa498,0x00000000ec800000)
  to   space 2048K, 0% used [0x00000000ec800000,0x00000000ec800000,0x00000000eca00000)
 ParOldGen       total 68608K, used 10866K [0x00000000c0000000, 0x00000000c4300000, 0x00000000eab00000)
  object space 68608K, 15% used [0x00000000c0000000,0x00000000c0a9cbf8,0x00000000c4300000)
 Metaspace       used 29748K, committed 30464K, reserved 1114112K
  class space    used 2981K, committed 3264K, reserved 1048576K
}
Event: 17.117 GC heap after
{Heap after GC invocations=9 (full 1):
 PSYoungGen      total 26112K, used 2023K [0x00000000eab00000, 0x00000000eca00000, 0x0000000100000000)
  eden space 24064K, 0% used [0x00000000eab00000,0x00000000eab00000,0x00000000ec280000)
  from space 2048K, 98% used [0x00000000ec800000,0x00000000ec9f9e08,0x00000000eca00000)
  to   space 3072K, 0% used [0x00000000ec400000,0x00000000ec400000,0x00000000ec700000)
 ParOldGen       total 68608K, used 11783K [0x00000000c0000000, 0x00000000c4300000, 0x00000000eab00000)
  object space 68608K, 17% used [0x00000000c0000000,0x00000000c0b81c18,0x00000000c4300000)
 Metaspace       used 29748K, committed 30464K, reserved 1114112K
  class space    used 2981K, committed 3264K, reserved 1048576K
}
Event: 17.425 GC heap before
{Heap before GC invocations=10 (full 1):
 PSYoungGen      total 26112K, used 26028K [0x00000000eab00000, 0x00000000eca00000, 0x0000000100000000)
  eden space 24064K, 99% used [0x00000000eab00000,0x00000000ec271558,0x00000000ec280000)
  from space 2048K, 98% used [0x00000000ec800000,0x00000000ec9f9e08,0x00000000eca00000)
  to   space 3072K, 0% used [0x00000000ec400000,0x00000000ec400000,0x00000000ec700000)
 ParOldGen       total 68608K, used 11783K [0x00000000c0000000, 0x00000000c4300000, 0x00000000eab00000)
  object space 68608K, 17% used [0x00000000c0000000,0x00000000c0b81c18,0x00000000c4300000)
 Metaspace       used 33004K, committed 33728K, reserved 1114112K
  class space    used 3237K, committed 3520K, reserved 1048576K
}
Event: 17.429 GC heap after
{Heap after GC invocations=10 (full 1):
 PSYoungGen      total 26624K, used 3040K [0x00000000eab00000, 0x00000000ecb00000, 0x0000000100000000)
  eden space 23552K, 0% used [0x00000000eab00000,0x00000000eab00000,0x00000000ec200000)
  from space 3072K, 98% used [0x00000000ec400000,0x00000000ec6f80f8,0x00000000ec700000)
  to   space 4096K, 0% used [0x00000000ec700000,0x00000000ec700000,0x00000000ecb00000)
 ParOldGen       total 68608K, used 13039K [0x00000000c0000000, 0x00000000c4300000, 0x00000000eab00000)
  object space 68608K, 19% used [0x00000000c0000000,0x00000000c0cbbe48,0x00000000c4300000)
 Metaspace       used 33004K, committed 33728K, reserved 1114112K
  class space    used 3237K, committed 3520K, reserved 1048576K
}
Event: 17.843 GC heap before
{Heap before GC invocations=11 (full 1):
 PSYoungGen      total 26624K, used 26592K [0x00000000eab00000, 0x00000000ecb00000, 0x0000000100000000)
  eden space 23552K, 100% used [0x00000000eab00000,0x00000000ec200000,0x00000000ec200000)
  from space 3072K, 98% used [0x00000000ec400000,0x00000000ec6f80f8,0x00000000ec700000)
  to   space 4096K, 0% used [0x00000000ec700000,0x00000000ec700000,0x00000000ecb00000)
 ParOldGen       total 68608K, used 13039K [0x00000000c0000000, 0x00000000c4300000, 0x00000000eab00000)
  object space 68608K, 19% used [0x00000000c0000000,0x00000000c0cbbe48,0x00000000c4300000)
 Metaspace       used 34915K, committed 35648K, reserved 1114112K
  class space    used 3385K, committed 3648K, reserved 1048576K
}
Event: 17.848 GC heap after
{Heap after GC invocations=11 (full 1):
 PSYoungGen      total 25088K, used 2028K [0x00000000eab00000, 0x00000000ec900000, 0x0000000100000000)
  eden space 23040K, 0% used [0x00000000eab00000,0x00000000eab00000,0x00000000ec180000)
  from space 2048K, 99% used [0x00000000ec700000,0x00000000ec8fb028,0x00000000ec900000)
  to   space 3072K, 0% used [0x00000000ec300000,0x00000000ec300000,0x00000000ec600000)
 ParOldGen       total 68608K, used 14662K [0x00000000c0000000, 0x00000000c4300000, 0x00000000eab00000)
  object space 68608K, 21% used [0x00000000c0000000,0x00000000c0e51810,0x00000000c4300000)
 Metaspace       used 34915K, committed 35648K, reserved 1114112K
  class space    used 3385K, committed 3648K, reserved 1048576K
}
Event: 17.864 GC heap before
{Heap before GC invocations=12 (full 1):
 PSYoungGen      total 25088K, used 3027K [0x00000000eab00000, 0x00000000ec900000, 0x0000000100000000)
  eden space 23040K, 4% used [0x00000000eab00000,0x00000000eabf9ed8,0x00000000ec180000)
  from space 2048K, 99% used [0x00000000ec700000,0x00000000ec8fb028,0x00000000ec900000)
  to   space 3072K, 0% used [0x00000000ec300000,0x00000000ec300000,0x00000000ec600000)
 ParOldGen       total 68608K, used 14662K [0x00000000c0000000, 0x00000000c4300000, 0x00000000eab00000)
  object space 68608K, 21% used [0x00000000c0000000,0x00000000c0e51810,0x00000000c4300000)
 Metaspace       used 35067K, committed 35840K, reserved 1114112K
  class space    used 3402K, committed 3712K, reserved 1048576K
}
Event: 17.869 GC heap after
{Heap after GC invocations=12 (full 1):
 PSYoungGen      total 26112K, used 353K [0x00000000eab00000, 0x00000000ec780000, 0x0000000100000000)
  eden space 23040K, 0% used [0x00000000eab00000,0x00000000eab00000,0x00000000ec180000)
  from space 3072K, 11% used [0x00000000ec300000,0x00000000ec358560,0x00000000ec600000)
  to   space 1536K, 0% used [0x00000000ec600000,0x00000000ec600000,0x00000000ec780000)
 ParOldGen       total 68608K, used 16451K [0x00000000c0000000, 0x00000000c4300000, 0x00000000eab00000)
  object space 68608K, 23% used [0x00000000c0000000,0x00000000c1010dc8,0x00000000c4300000)
 Metaspace       used 35067K, committed 35840K, reserved 1114112K
  class space    used 3402K, committed 3712K, reserved 1048576K
}
Event: 17.869 GC heap before
{Heap before GC invocations=13 (full 2):
 PSYoungGen      total 26112K, used 353K [0x00000000eab00000, 0x00000000ec780000, 0x0000000100000000)
  eden space 23040K, 0% used [0x00000000eab00000,0x00000000eab00000,0x00000000ec180000)
  from space 3072K, 11% used [0x00000000ec300000,0x00000000ec358560,0x00000000ec600000)
  to   space 1536K, 0% used [0x00000000ec600000,0x00000000ec600000,0x00000000ec780000)
 ParOldGen       total 68608K, used 16451K [0x00000000c0000000, 0x00000000c4300000, 0x00000000eab00000)
  object space 68608K, 23% used [0x00000000c0000000,0x00000000c1010dc8,0x00000000c4300000)
 Metaspace       used 35067K, committed 35840K, reserved 1114112K
  class space    used 3402K, committed 3712K, reserved 1048576K
}
Event: 17.916 GC heap after
{Heap after GC invocations=13 (full 2):
 PSYoungGen      total 26112K, used 0K [0x00000000eab00000, 0x00000000ec780000, 0x0000000100000000)
  eden space 23040K, 0% used [0x00000000eab00000,0x00000000eab00000,0x00000000ec180000)
  from space 3072K, 0% used [0x00000000ec300000,0x00000000ec300000,0x00000000ec600000)
  to   space 1536K, 0% used [0x00000000ec600000,0x00000000ec600000,0x00000000ec780000)
 ParOldGen       total 68608K, used 14968K [0x00000000c0000000, 0x00000000c4300000, 0x00000000eab00000)
  object space 68608K, 21% used [0x00000000c0000000,0x00000000c0e9e0b0,0x00000000c4300000)
 Metaspace       used 35054K, committed 35840K, reserved 1114112K
  class space    used 3398K, committed 3712K, reserved 1048576K
}
Event: 18.283 GC heap before
{Heap before GC invocations=14 (full 2):
 PSYoungGen      total 26112K, used 23040K [0x00000000eab00000, 0x00000000ec780000, 0x0000000100000000)
  eden space 23040K, 100% used [0x00000000eab00000,0x00000000ec180000,0x00000000ec180000)
  from space 3072K, 0% used [0x00000000ec300000,0x00000000ec300000,0x00000000ec600000)
  to   space 1536K, 0% used [0x00000000ec600000,0x00000000ec600000,0x00000000ec780000)
 ParOldGen       total 68608K, used 14968K [0x00000000c0000000, 0x00000000c4300000, 0x00000000eab00000)
  object space 68608K, 21% used [0x00000000c0000000,0x00000000c0e9e0b0,0x00000000c4300000)
 Metaspace       used 38340K, committed 39232K, reserved 1114112K
  class space    used 3838K, committed 4160K, reserved 1048576K
}
Event: 18.285 GC heap after
{Heap after GC invocations=14 (full 2):
 PSYoungGen      total 23552K, used 915K [0x00000000eab00000, 0x00000000ec700000, 0x0000000100000000)
  eden space 22528K, 0% used [0x00000000eab00000,0x00000000eab00000,0x00000000ec100000)
  from space 1024K, 89% used [0x00000000ec600000,0x00000000ec6e4f38,0x00000000ec700000)
  to   space 1536K, 0% used [0x00000000ec400000,0x00000000ec400000,0x00000000ec580000)
 ParOldGen       total 68608K, used 14976K [0x00000000c0000000, 0x00000000c4300000, 0x00000000eab00000)
  object space 68608K, 21% used [0x00000000c0000000,0x00000000c0ea00b0,0x00000000c4300000)
 Metaspace       used 38340K, committed 39232K, reserved 1114112K
  class space    used 3838K, committed 4160K, reserved 1048576K
}
Event: 18.607 GC heap before
{Heap before GC invocations=15 (full 2):
 PSYoungGen      total 23552K, used 23442K [0x00000000eab00000, 0x00000000ec700000, 0x0000000100000000)
  eden space 22528K, 99% used [0x00000000eab00000,0x00000000ec0ffb30,0x00000000ec100000)
  from space 1024K, 89% used [0x00000000ec600000,0x00000000ec6e4f38,0x00000000ec700000)
  to   space 1536K, 0% used [0x00000000ec400000,0x00000000ec400000,0x00000000ec580000)
 ParOldGen       total 68608K, used 14976K [0x00000000c0000000, 0x00000000c4300000, 0x00000000eab00000)
  object space 68608K, 21% used [0x00000000c0000000,0x00000000c0ea00b0,0x00000000c4300000)
 Metaspace       used 40803K, committed 41728K, reserved 1114112K
  class space    used 4165K, committed 4608K, reserved 1048576K
}
Event: 18.610 GC heap after
{Heap after GC invocations=15 (full 2):
 PSYoungGen      total 23552K, used 1521K [0x00000000eab00000, 0x00000000ec680000, 0x0000000100000000)
  eden space 22016K, 0% used [0x00000000eab00000,0x00000000eab00000,0x00000000ec080000)
  from space 1536K, 99% used [0x00000000ec400000,0x00000000ec57c5d8,0x00000000ec580000)
  to   space 1024K, 0% used [0x00000000ec580000,0x00000000ec580000,0x00000000ec680000)
 ParOldGen       total 68608K, used 15808K [0x00000000c0000000, 0x00000000c4300000, 0x00000000eab00000)
  object space 68608K, 23% used [0x00000000c0000000,0x00000000c0f702c8,0x00000000c4300000)
 Metaspace       used 40803K, committed 41728K, reserved 1114112K
  class space    used 4165K, committed 4608K, reserved 1048576K
}

Dll operation events (10 events):
Event: 0.037 Loaded shared library c:\Users\- ACER -\.vscode\extensions\redhat.java-1.36.0-win32-x64\jre\17.0.13-win32-x86_64\bin\java.dll
Event: 0.260 Loaded shared library c:\Users\- ACER -\.vscode\extensions\redhat.java-1.36.0-win32-x64\jre\17.0.13-win32-x86_64\bin\zip.dll
Event: 0.266 Loaded shared library C:\Users\- ACER -\.vscode\extensions\redhat.java-1.36.0-win32-x64\jre\17.0.13-win32-x86_64\bin\instrument.dll
Event: 0.293 Loaded shared library C:\Users\- ACER -\.vscode\extensions\redhat.java-1.36.0-win32-x64\jre\17.0.13-win32-x86_64\bin\net.dll
Event: 0.300 Loaded shared library C:\Users\- ACER -\.vscode\extensions\redhat.java-1.36.0-win32-x64\jre\17.0.13-win32-x86_64\bin\nio.dll
Event: 0.314 Loaded shared library C:\Users\- ACER -\.vscode\extensions\redhat.java-1.36.0-win32-x64\jre\17.0.13-win32-x86_64\bin\zip.dll
Event: 0.338 Loaded shared library C:\Users\- ACER -\.vscode\extensions\redhat.java-1.36.0-win32-x64\jre\17.0.13-win32-x86_64\bin\jimage.dll
Event: 0.455 Loaded shared library c:\Users\- ACER -\.vscode\extensions\redhat.java-1.36.0-win32-x64\jre\17.0.13-win32-x86_64\bin\verify.dll
Event: 7.413 Loaded shared library C:\Users\- ACER -\AppData\Roaming\Code\User\globalStorage\redhat.java\1.36.0\config_win\org.eclipse.equinox.launcher\org.eclipse.equinox.launcher.win32.win32.x86_64_1.2.1100.v20240722-2106\eclipse_11904.dll
Event: 16.102 Loaded shared library C:\Users\- ACER -\AppData\Local\Temp\jna-1377306607\jna615284001245492006.dll

Deoptimization events (20 events):
Event: 18.400 Thread 0x00000202528cee00 Uncommon trap: trap_request=0xffffffc6 fr.pc=0x00000202440ebb10 relative=0x00000000000001d0
Event: 18.400 Thread 0x00000202528cee00 Uncommon trap: reason=bimorphic_or_optimized_type_check action=maybe_recompile pc=0x00000202440ebb10 method=java.io.BufferedInputStream.read1([BII)I @ 39 c2
Event: 18.400 Thread 0x00000202528cee00 DEOPT PACKING pc=0x00000202440ebb10 sp=0x000000b8469fe3d0
Event: 18.400 Thread 0x00000202528cee00 DEOPT UNPACKING pc=0x0000020243a266a3 sp=0x000000b8469fe358 mode 2
Event: 18.450 Thread 0x00000202528cd9c0 Uncommon trap: trap_request=0xffffff45 fr.pc=0x0000020244089034 relative=0x0000000000000114
Event: 18.450 Thread 0x00000202528cd9c0 Uncommon trap: reason=unstable_if action=reinterpret pc=0x0000020244089034 method=jdk.internal.org.objectweb.asm.SymbolTable.put(Ljdk/internal/org/objectweb/asm/SymbolTable$Entry;)Ljdk/internal/org/objectweb/asm/SymbolTable$Entry; @ 13 c2
Event: 18.450 Thread 0x00000202528cd9c0 DEOPT PACKING pc=0x0000020244089034 sp=0x000000b8467fd1d0
Event: 18.450 Thread 0x00000202528cd9c0 DEOPT UNPACKING pc=0x0000020243a266a3 sp=0x000000b8467fd130 mode 2
Event: 18.565 Thread 0x00000202528cd9c0 Uncommon trap: trap_request=0xffffff45 fr.pc=0x000002024407ce34 relative=0x0000000000000114
Event: 18.565 Thread 0x00000202528cd9c0 Uncommon trap: reason=unstable_if action=reinterpret pc=0x000002024407ce34 method=java.util.ArrayList.indexOfRange(Ljava/lang/Object;II)I @ 7 c2
Event: 18.565 Thread 0x00000202528cd9c0 DEOPT PACKING pc=0x000002024407ce34 sp=0x000000b8467fdfa0
Event: 18.565 Thread 0x00000202528cd9c0 DEOPT UNPACKING pc=0x0000020243a266a3 sp=0x000000b8467fde60 mode 2
Event: 18.581 Thread 0x00000202528cee00 Uncommon trap: trap_request=0xffffff45 fr.pc=0x00000202440160c0 relative=0x0000000000000040
Event: 18.581 Thread 0x00000202528cee00 Uncommon trap: reason=unstable_if action=reinterpret pc=0x00000202440160c0 method=sun.nio.fs.WindowsPathParser.isSlash(C)Z @ 9 c2
Event: 18.581 Thread 0x00000202528cee00 DEOPT PACKING pc=0x00000202440160c0 sp=0x000000b8469fd980
Event: 18.581 Thread 0x00000202528cee00 DEOPT UNPACKING pc=0x0000020243a266a3 sp=0x000000b8469fd908 mode 2
Event: 18.588 Thread 0x00000202528cd9c0 Uncommon trap: trap_request=0xffffff45 fr.pc=0x0000020244076c10 relative=0x00000000000000f0
Event: 18.588 Thread 0x00000202528cd9c0 Uncommon trap: reason=unstable_if action=reinterpret pc=0x0000020244076c10 method=java.util.ArrayList.indexOfRange(Ljava/lang/Object;II)I @ 7 c2
Event: 18.588 Thread 0x00000202528cd9c0 DEOPT PACKING pc=0x0000020244076c10 sp=0x000000b8467fdf40
Event: 18.588 Thread 0x00000202528cd9c0 DEOPT UNPACKING pc=0x0000020243a266a3 sp=0x000000b8467fdec0 mode 2

Classes loaded (20 events):
Event: 18.703 Loading class java/nio/file/ClosedDirectoryStreamException
Event: 18.704 Loading class java/nio/file/ClosedDirectoryStreamException done
Event: 18.704 Loading class jdk/internal/jrtfs/JrtFileSystem
Event: 18.705 Loading class jdk/internal/jrtfs/JrtFileSystem done
Event: 18.705 Loading class jdk/internal/jrtfs/JrtPath
Event: 18.706 Loading class jdk/internal/jrtfs/JrtPath done
Event: 18.706 Loading class jdk/internal/jimage/ImageReader$Node
Event: 18.707 Loading class jdk/internal/jimage/ImageReader$Node done
Event: 18.712 Loading class java/nio/file/SimpleFileVisitor
Event: 18.712 Loading class java/nio/file/SimpleFileVisitor done
Event: 18.713 Loading class java/nio/file/FileVisitOption
Event: 18.713 Loading class java/nio/file/FileVisitOption done
Event: 18.713 Loading class java/nio/file/FileTreeWalker
Event: 18.714 Loading class java/nio/file/FileTreeWalker done
Event: 18.714 Loading class java/util/RegularEnumSet$EnumSetIterator
Event: 18.714 Loading class java/util/RegularEnumSet$EnumSetIterator done
Event: 18.721 Loading class java/nio/ByteBufferAsIntBufferL
Event: 18.721 Loading class java/nio/ByteBufferAsIntBufferL done
Event: 18.724 Loading class jdk/internal/jimage/ImageReader$Directory
Event: 18.724 Loading class jdk/internal/jimage/ImageReader$Directory done

Classes unloaded (7 events):
Event: 17.879 Thread 0x00000202398b6b70 Unloading class 0x0000000100250000 'java/lang/invoke/LambdaForm$MH+0x0000000100250000'
Event: 17.879 Thread 0x00000202398b6b70 Unloading class 0x000000010024fc00 'java/lang/invoke/LambdaForm$MH+0x000000010024fc00'
Event: 17.879 Thread 0x00000202398b6b70 Unloading class 0x000000010024f800 'java/lang/invoke/LambdaForm$MH+0x000000010024f800'
Event: 17.879 Thread 0x00000202398b6b70 Unloading class 0x000000010024f400 'java/lang/invoke/LambdaForm$MH+0x000000010024f400'
Event: 17.879 Thread 0x00000202398b6b70 Unloading class 0x000000010024f000 'java/lang/invoke/LambdaForm$BMH+0x000000010024f000'
Event: 17.879 Thread 0x00000202398b6b70 Unloading class 0x000000010024ec00 'java/lang/invoke/LambdaForm$DMH+0x000000010024ec00'
Event: 17.879 Thread 0x00000202398b6b70 Unloading class 0x000000010024c400 'java/lang/invoke/LambdaForm$DMH+0x000000010024c400'

Classes redefined (0 events):
No events

Internal exceptions (20 events):
Event: 18.414 Thread 0x00000202528cee00 Exception <a 'sun/nio/fs/WindowsException'{0x00000000eb444c38}> (0x00000000eb444c38) 
thrown [s\src\hotspot\share\prims\jni.cpp, line 516]
Event: 18.414 Thread 0x00000202528cee00 Exception <a 'sun/nio/fs/WindowsException'{0x00000000eb445ac8}> (0x00000000eb445ac8) 
thrown [s\src\hotspot\share\prims\jni.cpp, line 516]
Event: 18.414 Thread 0x00000202528cee00 Exception <a 'sun/nio/fs/WindowsException'{0x00000000eb446350}> (0x00000000eb446350) 
thrown [s\src\hotspot\share\prims\jni.cpp, line 516]
Event: 18.420 Thread 0x00000202528cee00 Exception <a 'sun/nio/fs/WindowsException'{0x00000000eb4e7078}> (0x00000000eb4e7078) 
thrown [s\src\hotspot\share\prims\jni.cpp, line 516]
Event: 18.420 Thread 0x00000202528cee00 Exception <a 'sun/nio/fs/WindowsException'{0x00000000eb4e7900}> (0x00000000eb4e7900) 
thrown [s\src\hotspot\share\prims\jni.cpp, line 516]
Event: 18.424 Thread 0x00000202528cee00 Exception <a 'sun/nio/fs/WindowsException'{0x00000000eb533660}> (0x00000000eb533660) 
thrown [s\src\hotspot\share\prims\jni.cpp, line 516]
Event: 18.424 Thread 0x00000202528cee00 Exception <a 'sun/nio/fs/WindowsException'{0x00000000eb533ee8}> (0x00000000eb533ee8) 
thrown [s\src\hotspot\share\prims\jni.cpp, line 516]
Event: 18.425 Thread 0x00000202528cee00 Exception <a 'sun/nio/fs/WindowsException'{0x00000000eb5354d8}> (0x00000000eb5354d8) 
thrown [s\src\hotspot\share\prims\jni.cpp, line 516]
Event: 18.426 Thread 0x00000202528cee00 Exception <a 'sun/nio/fs/WindowsException'{0x00000000eb535b10}> (0x00000000eb535b10) 
thrown [s\src\hotspot\share\prims\jni.cpp, line 516]
Event: 18.426 Thread 0x00000202528cee00 Exception <a 'sun/nio/fs/WindowsException'{0x00000000eb536448}> (0x00000000eb536448) 
thrown [s\src\hotspot\share\prims\jni.cpp, line 516]
Event: 18.426 Thread 0x00000202528cee00 Exception <a 'sun/nio/fs/WindowsException'{0x00000000eb536a80}> (0x00000000eb536a80) 
thrown [s\src\hotspot\share\prims\jni.cpp, line 516]
Event: 18.426 Thread 0x00000202528cee00 Exception <a 'sun/nio/fs/WindowsException'{0x00000000eb537418}> (0x00000000eb537418) 
thrown [s\src\hotspot\share\prims\jni.cpp, line 516]
Event: 18.426 Thread 0x00000202528cee00 Exception <a 'sun/nio/fs/WindowsException'{0x00000000eb537a50}> (0x00000000eb537a50) 
thrown [s\src\hotspot\share\prims\jni.cpp, line 516]
Event: 18.427 Thread 0x00000202528cee00 Exception <a 'sun/nio/fs/WindowsException'{0x00000000eb5ecf08}> (0x00000000eb5ecf08) 
thrown [s\src\hotspot\share\prims\jni.cpp, line 516]
Event: 18.427 Thread 0x00000202528cee00 Exception <a 'sun/nio/fs/WindowsException'{0x00000000eb5ed540}> (0x00000000eb5ed540) 
thrown [s\src\hotspot\share\prims\jni.cpp, line 516]
Event: 18.431 Thread 0x00000202528cee00 Exception <a 'java/lang/NoSuchMethodError'{0x00000000eb60ec20}: 'void java.lang.invoke.DirectMethodHandle$Holder.invokeVirtual(java.lang.Object, java.lang.Object, java.lang.Object, java.lang.Object)'> (0x00000000eb60ec20) 
thrown [s\src\hotspot\share\interpreter\linkResolver.cpp, line 759]
Event: 18.454 Thread 0x00000202528cee00 Exception <a 'java/io/FileNotFoundException'{0x00000000eb74cb48}> (0x00000000eb74cb48) 
thrown [s\src\hotspot\share\prims\jni.cpp, line 516]
Event: 18.477 Thread 0x00000202528cee00 Exception <a 'sun/nio/fs/WindowsException'{0x00000000eb812d50}> (0x00000000eb812d50) 
thrown [s\src\hotspot\share\prims\jni.cpp, line 516]
Event: 18.505 Thread 0x00000202528cd9c0 Exception <a 'java/lang/NoClassDefFoundError'{0x00000000eb9dc398}: javax/enterprise/inject/Typed> (0x00000000eb9dc398) 
thrown [s\src\hotspot\share\classfile\systemDictionary.cpp, line 245]
Event: 18.689 Thread 0x00000202528cee00 Exception <a 'java/lang/NoSuchMethodError'{0x00000000eb368120}: 'java.lang.Object java.lang.invoke.Invokers$Holder.invoke_MT(java.lang.Object, java.lang.Object, java.lang.Object)'> (0x00000000eb368120) 
thrown [s\src\hotspot\share\interpreter\linkResolver.cpp, line 759]

VM Operations (20 events):
Event: 17.935 Executing VM operation: HandshakeAllThreads
Event: 17.935 Executing VM operation: HandshakeAllThreads done
Event: 17.967 Executing VM operation: HandshakeAllThreads
Event: 17.967 Executing VM operation: HandshakeAllThreads done
Event: 18.013 Executing VM operation: HandshakeAllThreads
Event: 18.013 Executing VM operation: HandshakeAllThreads done
Event: 18.068 Executing VM operation: HandshakeAllThreads
Event: 18.068 Executing VM operation: HandshakeAllThreads done
Event: 18.282 Executing VM operation: ParallelGCFailedAllocation
Event: 18.285 Executing VM operation: ParallelGCFailedAllocation done
Event: 18.483 Executing VM operation: HandshakeAllThreads
Event: 18.483 Executing VM operation: HandshakeAllThreads done
Event: 18.607 Executing VM operation: ParallelGCFailedAllocation
Event: 18.610 Executing VM operation: ParallelGCFailedAllocation done
Event: 18.641 Executing VM operation: HandshakeAllThreads
Event: 18.641 Executing VM operation: HandshakeAllThreads done
Event: 18.722 Executing VM operation: HandshakeAllThreads
Event: 18.722 Executing VM operation: HandshakeAllThreads done
Event: 18.723 Executing VM operation: HandshakeAllThreads
Event: 18.723 Executing VM operation: HandshakeAllThreads done

Memory protections (0 events):
No events

Nmethod flushes (0 events):
No events

Events (20 events):
Event: 15.242 Thread 0x0000020252956920 Thread added: 0x00000202528cc070
Event: 15.475 Thread 0x0000020252812c20 Thread added: 0x0000020253ea2fa0
Event: 15.679 Thread 0x0000020252956920 Thread added: 0x00000202528cbb60
Event: 16.131 Thread 0x0000020252956920 Thread added: 0x00000202528cc580
Event: 16.168 Thread 0x0000020252956920 Thread added: 0x00000202528cca90
Event: 16.194 Thread 0x0000020252956920 Thread added: 0x00000202528cd9c0
Event: 17.727 Thread 0x0000020252956920 Thread added: 0x00000202528ce8f0
Event: 17.811 Thread 0x00000202528cca90 Thread added: 0x00000202528cee00
Event: 17.926 Thread 0x00000202528cee00 Thread added: 0x0000020255a37670
Event: 18.424 Thread 0x000002023980ec00 Thread added: 0x0000020255a35d20
Event: 18.424 Thread 0x000002023980ec00 Thread added: 0x0000020255a32060
Event: 18.425 Thread 0x000002023980ec00 Thread added: 0x0000020255a35300
Event: 18.425 Thread 0x000002023980ec00 Thread added: 0x0000020255a32570
Event: 18.425 Thread 0x000002023980ec00 Thread added: 0x0000020255a36c50
Event: 18.425 Thread 0x000002023980ec00 Thread added: 0x0000020255a385a0
Event: 18.426 Thread 0x000002023980ec00 Thread added: 0x0000020255a32a80
Event: 18.426 Thread 0x000002023980ec00 Thread added: 0x0000020255a36230
Event: 18.426 Thread 0x000002023980ec00 Thread added: 0x0000020255a37b80
Event: 18.493 Thread 0x000002023980ec00 Thread added: 0x0000020255a38090
Event: 18.512 Thread 0x0000020255a37670 Thread added: 0x0000020255a32f90


Dynamic libraries:
0x00007ff782bd0000 - 0x00007ff782bde000 	c:\Users\- ACER -\.vscode\extensions\redhat.java-1.36.0-win32-x64\jre\17.0.13-win32-x86_64\bin\java.exe
0x00007ffa9dd50000 - 0x00007ffa9df67000 	C:\Windows\SYSTEM32\ntdll.dll
0x00007ffa9d340000 - 0x00007ffa9d404000 	C:\Windows\System32\KERNEL32.DLL
0x00007ffa9b410000 - 0x00007ffa9b7c7000 	C:\Windows\System32\KERNELBASE.dll
0x00007ffa9b180000 - 0x00007ffa9b291000 	C:\Windows\System32\ucrtbase.dll
0x00007ffa8c110000 - 0x00007ffa8c127000 	c:\Users\- ACER -\.vscode\extensions\redhat.java-1.36.0-win32-x64\jre\17.0.13-win32-x86_64\bin\jli.dll
0x00007ffa9d410000 - 0x00007ffa9d5bf000 	C:\Windows\System32\USER32.dll
0x00007ffa9b9d0000 - 0x00007ffa9b9f6000 	C:\Windows\System32\win32u.dll
0x00007ffa9d610000 - 0x00007ffa9d639000 	C:\Windows\System32\GDI32.dll
0x00007ffa9b060000 - 0x00007ffa9b178000 	C:\Windows\System32\gdi32full.dll
0x00007ffa9b7d0000 - 0x00007ffa9b86a000 	C:\Windows\System32\msvcp_win.dll
0x00007ffa8c310000 - 0x00007ffa8c32e000 	c:\Users\- ACER -\.vscode\extensions\redhat.java-1.36.0-win32-x64\jre\17.0.13-win32-x86_64\bin\VCRUNTIME140.dll
0x00007ffa83490000 - 0x00007ffa83723000 	C:\Windows\WinSxS\amd64_microsoft.windows.common-controls_6595b64144ccf1df_6.0.22621.3672_none_2713b9d173822955\COMCTL32.dll
0x00007ffa9cb30000 - 0x00007ffa9cbd7000 	C:\Windows\System32\msvcrt.dll
0x00007ffa9bfc0000 - 0x00007ffa9bff1000 	C:\Windows\System32\IMM32.DLL
0x00007ffa95090000 - 0x00007ffa9509c000 	c:\Users\- ACER -\.vscode\extensions\redhat.java-1.36.0-win32-x64\jre\17.0.13-win32-x86_64\bin\vcruntime140_1.dll
0x00007ffa62f30000 - 0x00007ffa62fbd000 	c:\Users\- ACER -\.vscode\extensions\redhat.java-1.36.0-win32-x64\jre\17.0.13-win32-x86_64\bin\msvcp140.dll
0x00007ffa58880000 - 0x00007ffa594eb000 	c:\Users\- ACER -\.vscode\extensions\redhat.java-1.36.0-win32-x64\jre\17.0.13-win32-x86_64\bin\server\jvm.dll
0x00007ffa9d280000 - 0x00007ffa9d332000 	C:\Windows\System32\ADVAPI32.dll
0x00007ffa9d6f0000 - 0x00007ffa9d798000 	C:\Windows\System32\sechost.dll
0x00007ffa9b9a0000 - 0x00007ffa9b9c8000 	C:\Windows\System32\bcrypt.dll
0x00007ffa9c1a0000 - 0x00007ffa9c2b4000 	C:\Windows\System32\RPCRT4.dll
0x00007ffa9d670000 - 0x00007ffa9d6e1000 	C:\Windows\System32\WS2_32.dll
0x00007ffa9af30000 - 0x00007ffa9af7d000 	C:\Windows\SYSTEM32\POWRPROF.dll
0x00007ffa920f0000 - 0x00007ffa92124000 	C:\Windows\SYSTEM32\WINMM.dll
0x00007ffa80b50000 - 0x00007ffa80b5a000 	C:\Windows\SYSTEM32\VERSION.dll
0x00007ffa9ad60000 - 0x00007ffa9ad73000 	C:\Windows\SYSTEM32\UMPDC.dll
0x00007ffa9a080000 - 0x00007ffa9a098000 	C:\Windows\SYSTEM32\kernel.appcore.dll
0x00007ffa94360000 - 0x00007ffa9436a000 	c:\Users\- ACER -\.vscode\extensions\redhat.java-1.36.0-win32-x64\jre\17.0.13-win32-x86_64\bin\jimage.dll
0x00007ffa98930000 - 0x00007ffa98b62000 	C:\Windows\SYSTEM32\DBGHELP.DLL
0x00007ffa9bb30000 - 0x00007ffa9bebe000 	C:\Windows\System32\combase.dll
0x00007ffa9dbd0000 - 0x00007ffa9dca7000 	C:\Windows\System32\OLEAUT32.dll
0x00007ffa75400000 - 0x00007ffa75432000 	C:\Windows\SYSTEM32\dbgcore.DLL
0x00007ffa9ba00000 - 0x00007ffa9ba7b000 	C:\Windows\System32\bcryptPrimitives.dll
0x00007ffa93d80000 - 0x00007ffa93d8e000 	c:\Users\- ACER -\.vscode\extensions\redhat.java-1.36.0-win32-x64\jre\17.0.13-win32-x86_64\bin\instrument.dll
0x00007ffa816a0000 - 0x00007ffa816c5000 	c:\Users\- ACER -\.vscode\extensions\redhat.java-1.36.0-win32-x64\jre\17.0.13-win32-x86_64\bin\java.dll
0x00007ffa8bf10000 - 0x00007ffa8bf28000 	c:\Users\- ACER -\.vscode\extensions\redhat.java-1.36.0-win32-x64\jre\17.0.13-win32-x86_64\bin\zip.dll
0x00007ffa9c2c0000 - 0x00007ffa9cb29000 	C:\Windows\System32\SHELL32.dll
0x00007ffa98f80000 - 0x00007ffa9987f000 	C:\Windows\SYSTEM32\windows.storage.dll
0x00007ffa98e40000 - 0x00007ffa98f7f000 	C:\Windows\SYSTEM32\wintypes.dll
0x00007ffa9bec0000 - 0x00007ffa9bfb9000 	C:\Windows\System32\SHCORE.dll
0x00007ffa9d7a0000 - 0x00007ffa9d7fe000 	C:\Windows\System32\shlwapi.dll
0x00007ffa9af90000 - 0x00007ffa9afb7000 	C:\Windows\SYSTEM32\profapi.dll
0x00007ffa8bc00000 - 0x00007ffa8bc19000 	C:\Users\- ACER -\.vscode\extensions\redhat.java-1.36.0-win32-x64\jre\17.0.13-win32-x86_64\bin\net.dll
0x00007ffa979b0000 - 0x00007ffa97ae6000 	C:\Windows\SYSTEM32\WINHTTP.dll
0x00007ffa9a520000 - 0x00007ffa9a589000 	C:\Windows\system32\mswsock.dll
0x00007ffa8ba90000 - 0x00007ffa8baa6000 	C:\Users\- ACER -\.vscode\extensions\redhat.java-1.36.0-win32-x64\jre\17.0.13-win32-x86_64\bin\nio.dll
0x00007ffa8e5a0000 - 0x00007ffa8e5b0000 	c:\Users\- ACER -\.vscode\extensions\redhat.java-1.36.0-win32-x64\jre\17.0.13-win32-x86_64\bin\verify.dll
0x00007ffa79c90000 - 0x00007ffa79cd5000 	C:\Users\- ACER -\AppData\Roaming\Code\User\globalStorage\redhat.java\1.36.0\config_win\org.eclipse.equinox.launcher\org.eclipse.equinox.launcher.win32.win32.x86_64_1.2.1100.v20240722-2106\eclipse_11904.dll
0x00007ffa9d800000 - 0x00007ffa9d9a5000 	C:\Windows\System32\ole32.dll
0x00007ffa9a770000 - 0x00007ffa9a78b000 	C:\Windows\SYSTEM32\CRYPTSP.dll
0x00007ffa99fe0000 - 0x00007ffa9a015000 	C:\Windows\system32\rsaenh.dll
0x00007ffa9a610000 - 0x00007ffa9a638000 	C:\Windows\SYSTEM32\USERENV.dll
0x00007ffa9a790000 - 0x00007ffa9a79c000 	C:\Windows\SYSTEM32\CRYPTBASE.dll
0x00007ffa99ae0000 - 0x00007ffa99b0d000 	C:\Windows\SYSTEM32\IPHLPAPI.DLL
0x00007ffa9cce0000 - 0x00007ffa9cce9000 	C:\Windows\System32\NSI.dll
0x00007ffa923d0000 - 0x00007ffa923e9000 	C:\Windows\SYSTEM32\dhcpcsvc6.DLL
0x00007ffa92400000 - 0x00007ffa9241f000 	C:\Windows\SYSTEM32\dhcpcsvc.DLL
0x00007ffa99b10000 - 0x00007ffa99c12000 	C:\Windows\SYSTEM32\DNSAPI.dll
0x00007ffa682a0000 - 0x00007ffa682e9000 	C:\Users\- ACER -\AppData\Local\Temp\jna-1377306607\jna615284001245492006.dll
0x00007ffa9d660000 - 0x00007ffa9d668000 	C:\Windows\System32\PSAPI.DLL

dbghelp: loaded successfully - version: 4.0.5 - missing functions: none
symbol engine: initialized successfully - sym options: 0x614 - pdb path: .;c:\Users\- ACER -\.vscode\extensions\redhat.java-1.36.0-win32-x64\jre\17.0.13-win32-x86_64\bin;C:\Windows\SYSTEM32;C:\Windows\WinSxS\amd64_microsoft.windows.common-controls_6595b64144ccf1df_6.0.22621.3672_none_2713b9d173822955;c:\Users\- ACER -\.vscode\extensions\redhat.java-1.36.0-win32-x64\jre\17.0.13-win32-x86_64\bin\server;C:\Users\- ACER -\AppData\Roaming\Code\User\globalStorage\redhat.java\1.36.0\config_win\org.eclipse.equinox.launcher\org.eclipse.equinox.launcher.win32.win32.x86_64_1.2.1100.v20240722-2106;C:\Users\- ACER -\AppData\Local\Temp\jna-1377306607

VM Arguments:
jvm_args: --add-modules=ALL-SYSTEM --add-opens=java.base/java.util=ALL-UNNAMED --add-opens=java.base/java.lang=ALL-UNNAMED --add-opens=java.base/sun.nio.fs=ALL-UNNAMED -Declipse.application=org.eclipse.jdt.ls.core.id1 -Dosgi.bundles.defaultStartLevel=4 -Declipse.product=org.eclipse.jdt.ls.core.product -Djava.import.generatesMetadataFilesAtProjectRoot=false -DDetectVMInstallationsJob.disabled=true -Dfile.encoding=utf8 -XX:+UseParallelGC -XX:GCTimeRatio=4 -XX:AdaptiveSizePolicyWeight=90 -Dsun.zip.disableMemoryMapping=true -Xmx1G -Xms100m -Xlog:disable -javaagent:c:\Users\- ACER -\.vscode\extensions\redhat.java-1.36.0-win32-x64\lombok\lombok-1.18.35.jar -XX:+HeapDumpOnOutOfMemoryError -XX:HeapDumpPath=c:\Users\- ACER -\AppData\Roaming\Code\User\workspaceStorage\6393be00c954e353ce50cadb054b5d50\redhat.java -Daether.dependencyCollector.impl=bf 
java_command: c:\Users\- ACER -\.vscode\extensions\redhat.java-1.36.0-win32-x64\server\plugins\org.eclipse.equinox.launcher_1.6.900.v20240613-2009.jar -configuration c:\Users\- ACER -\AppData\Roaming\Code\User\globalStorage\redhat.java\1.36.0\config_win -data c:\Users\- ACER -\AppData\Roaming\Code\User\workspaceStorage\6393be00c954e353ce50cadb054b5d50\redhat.java\jdt_ws --pipe=\\.\pipe\lsp-d94056c83251f22ce78667a822a9fb53-sock
java_class_path (initial): c:\Users\- ACER -\.vscode\extensions\redhat.java-1.36.0-win32-x64\server\plugins\org.eclipse.equinox.launcher_1.6.900.v20240613-2009.jar
Launcher Type: SUN_STANDARD

[Global flags]
    uintx AdaptiveSizePolicyWeight                 = 90                                        {product} {command line}
     intx CICompilerCount                          = 4                                         {product} {ergonomic}
    uintx GCTimeRatio                              = 4                                         {product} {command line}
     bool HeapDumpOnOutOfMemoryError               = true                                   {manageable} {command line}
    ccstr HeapDumpPath                             = c:\Users\- ACER -\AppData\Roaming\Code\User\workspaceStorage\6393be00c954e353ce50cadb054b5d50\redhat.java         {manageable} {command line}
   size_t InitialHeapSize                          = 104857600                                 {product} {command line}
   size_t MaxHeapSize                              = 1073741824                                {product} {command line}
   size_t MaxNewSize                               = 357564416                                 {product} {ergonomic}
   size_t MinHeapDeltaBytes                        = 524288                                    {product} {ergonomic}
   size_t MinHeapSize                              = 104857600                                 {product} {command line}
   size_t NewSize                                  = 34603008                                  {product} {ergonomic}
    uintx NonNMethodCodeHeapSize                   = 5839372                                {pd product} {ergonomic}
    uintx NonProfiledCodeHeapSize                  = 122909434                              {pd product} {ergonomic}
   size_t OldSize                                  = 70254592                                  {product} {ergonomic}
    uintx ProfiledCodeHeapSize                     = 122909434                              {pd product} {ergonomic}
    uintx ReservedCodeCacheSize                    = 251658240                              {pd product} {ergonomic}
     bool SegmentedCodeCache                       = true                                      {product} {ergonomic}
   size_t SoftMaxHeapSize                          = 1073741824                             {manageable} {ergonomic}
     bool UseCompressedClassPointers               = true                           {product lp64_product} {ergonomic}
     bool UseCompressedOops                        = true                           {product lp64_product} {ergonomic}
     bool UseLargePagesIndividualAllocation        = false                                  {pd product} {ergonomic}
     bool UseParallelGC                            = true                                      {product} {command line}

Logging:
Log output configuration:
 #0: stdout all=off uptime,level,tags
 #1: stderr all=off uptime,level,tags

Environment Variables:
PATH=C:\Program Files\Common Files\Oracle\Java\javapath;C:\Windows\system32;C:\Windows;C:\Windows\System32\Wbem;C:\Windows\System32\WindowsPowerShell\v1.0\;C:\Windows\System32\OpenSSH\;C:\Program Files\Java\jdk-22\bin;C:\Program Files\Git\cmd;C:\Users\- ACER -\.config\herd\bin;C:\Users\- ACER -\AppData\Local\Microsoft\WindowsApps;C:\Users\- ACER -\AppData\Local\Programs\Microsoft VS Code\bin
USERNAME=- ACER -
OS=Windows_NT
PROCESSOR_IDENTIFIER=Intel64 Family 6 Model 154 Stepping 4, GenuineIntel
TMP=C:\Users\-ACER-~1\AppData\Local\Temp
TEMP=C:\Users\-ACER-~1\AppData\Local\Temp



Periodic native trim disabled


---------------  S Y S T E M  ---------------

OS:
 Windows 11 , 64 bit Build 22621 (10.0.22621.3958)
OS uptime: 24 days 1:45 hours
Hyper-V role detected

CPU: total 8 (initial active 8) (4 cores per cpu, 2 threads per core) family 6 model 154 stepping 4 microcode 0x429, cx8, cmov, fxsr, ht, mmx, 3dnowpref, sse, sse2, sse3, ssse3, sse4.1, sse4.2, popcnt, lzcnt, tsc, tscinvbit, avx, avx2, aes, erms, clmul, bmi1, bmi2, adx, sha, fma, vzeroupper, clflush, clflushopt, clwb, hv
Processor Information for processor 0
  Max Mhz: 1200, Current Mhz: 1200, Mhz Limit: 1200
Processor Information for processor 1
  Max Mhz: 1200, Current Mhz: 1200, Mhz Limit: 1200
Processor Information for processor 2
  Max Mhz: 1200, Current Mhz: 1200, Mhz Limit: 1200
Processor Information for processor 3
  Max Mhz: 1200, Current Mhz: 1200, Mhz Limit: 1200
Processor Information for processor 4
  Max Mhz: 1200, Current Mhz: 900, Mhz Limit: 900
Processor Information for processor 5
  Max Mhz: 1200, Current Mhz: 900, Mhz Limit: 900
Processor Information for processor 6
  Max Mhz: 1200, Current Mhz: 900, Mhz Limit: 900
Processor Information for processor 7
  Max Mhz: 1200, Current Mhz: 900, Mhz Limit: 900

Memory: 4k page, system-wide physical 7916M (415M free)
TotalPageFile size 27163M (AvailPageFile size 4M)
current process WorkingSet (physical memory assigned to process): 181M, peak: 181M
current process commit charge ("private bytes"): 277M, peak: 278M

vm_info: OpenJDK 64-Bit Server VM (17.0.13+11) for windows-amd64 JRE (17.0.13+11), built on Oct 16 2024 00:10:08 by "admin" with MS VC++ 17.7 (VS2022)

END.
