#
# There is insufficient memory for the Java Runtime Environment to continue.
# Native memory allocation (malloc) failed to allocate 344096 bytes. Error detail: Chunk::new
# Possible reasons:
#   The system is out of physical RAM or swap space
#   This process is running with CompressedOops enabled, and the Java Heap may be blocking the growth of the native heap
# Possible solutions:
#   Reduce memory load on the system
#   Increase physical memory or swap space
#   Check if swap backing store is full
#   Decrease Java heap size (-Xmx/-Xms)
#   Decrease number of Java threads
#   Decrease Java thread stack sizes (-Xss)
#   Set larger code cache with -XX:ReservedCodeCacheSize=
#   JVM is running with Unscaled Compressed Oops mode in which the Java heap is
#     placed in the first 4GB address space. The Java Heap base address is the
#     maximum limit for the native heap growth. Please use -XX:HeapBaseMinAddress
#     to set the Java Heap base and to place the Java Heap above 4GB virtual address.
# This output file may be truncated or incomplete.
#
#  Out of Memory Error (arena.cpp:191), pid=4908, tid=31728
#
# JRE version: OpenJDK Runtime Environment Temurin-17.0.13+11 (17.0.13+11) (build 17.0.13+11)
# Java VM: OpenJDK 64-Bit Server VM Temurin-17.0.13+11 (17.0.13+11, mixed mode, tiered, compressed oops, compressed class ptrs, parallel gc, windows-amd64)
# No core dump will be written. Minidumps are not enabled by default on client versions of Windows
#

---------------  S U M M A R Y ------------

Command Line: --add-modules=ALL-SYSTEM --add-opens=java.base/java.util=ALL-UNNAMED --add-opens=java.base/java.lang=ALL-UNNAMED --add-opens=java.base/sun.nio.fs=ALL-UNNAMED -Declipse.application=org.eclipse.jdt.ls.core.id1 -Dosgi.bundles.defaultStartLevel=4 -Declipse.product=org.eclipse.jdt.ls.core.product -Djava.import.generatesMetadataFilesAtProjectRoot=false -DDetectVMInstallationsJob.disabled=true -Dfile.encoding=utf8 -XX:+UseParallelGC -XX:GCTimeRatio=4 -XX:AdaptiveSizePolicyWeight=90 -Dsun.zip.disableMemoryMapping=true -Xmx1G -Xms100m -Xlog:disable -javaagent:c:\Users\- ACER -\.vscode\extensions\redhat.java-1.36.0-win32-x64\lombok\lombok-1.18.35.jar -XX:+HeapDumpOnOutOfMemoryError -XX:HeapDumpPath=c:\Users\- ACER -\AppData\Roaming\Code\User\workspaceStorage\6393be00c954e353ce50cadb054b5d50\redhat.java -Daether.dependencyCollector.impl=bf c:\Users\- ACER -\.vscode\extensions\redhat.java-1.36.0-win32-x64\server\plugins\org.eclipse.equinox.launcher_1.6.900.v20240613-2009.jar -configuration c:\Users\- ACER -\AppData\Roaming\Code\User\globalStorage\redhat.java\1.36.0\config_win -data c:\Users\- ACER -\AppData\Roaming\Code\User\workspaceStorage\6393be00c954e353ce50cadb054b5d50\redhat.java\jdt_ws --pipe=\\.\pipe\lsp-204fcf2820d0b7b7508dcb7c2fbabb4d-sock

Host: 12th Gen Intel(R) Core(TM) i3-1215U, 8 cores, 7G,  Windows 11 , 64 bit Build 22621 (10.0.22621.3958)
Time: Wed Nov  6 23:08:18 2024 SE Asia Standard Time elapsed time: 3.993622 seconds (0d 0h 0m 3s)

---------------  T H R E A D  ---------------

Current thread (0x00000250633e1ea0):  JavaThread "C2 CompilerThread1" daemon [_thread_in_native, id=31728, stack(0x000000a5d0f00000,0x000000a5d1000000)]


Current CompileTask:
C2:   3993 3956       4       jdk.internal.module.SystemModuleFinders$SystemModuleReader::find (59 bytes)

Stack: [0x000000a5d0f00000,0x000000a5d1000000]
Native frames: (J=compiled Java code, j=interpreted, Vv=VM code, C=native code)
V  [jvm.dll+0x682a19]
V  [jvm.dll+0x839538]
V  [jvm.dll+0x83afe3]
V  [jvm.dll+0x83b653]
V  [jvm.dll+0x24704f]
V  [jvm.dll+0xace34]
V  [jvm.dll+0xad4cc]
V  [jvm.dll+0x2ac84f]
V  [jvm.dll+0x588a79]
V  [jvm.dll+0x220ea2]
V  [jvm.dll+0x22129f]
V  [jvm.dll+0x21a2b0]
V  [jvm.dll+0x21738b]
V  [jvm.dll+0x1a3070]
V  [jvm.dll+0x22788c]
V  [jvm.dll+0x2259eb]
V  [jvm.dll+0x7eec98]
V  [jvm.dll+0x7e8ffc]
V  [jvm.dll+0x6818f7]
C  [ucrtbase.dll+0x29333]
C  [KERNEL32.DLL+0x1257d]
C  [ntdll.dll+0x5af08]


---------------  P R O C E S S  ---------------

Threads class SMR info:
_java_thread_list=0x000002506770ef30, length=36, elements={
0x000002504a38df70, 0x000002505e214020, 0x000002504a439760, 0x000002505e21cec0,
0x000002505e21d890, 0x0000025063283000, 0x0000025063283970, 0x00000250632888a0,
0x000002506328d380, 0x0000025063291450, 0x000002506341dce0, 0x00000250633e1ea0,
0x000002506341fb40, 0x000002506341e1f0, 0x000002506341e700, 0x000002506341f120,
0x0000025063420560, 0x000002506341f630, 0x000002506341cdb0, 0x0000025063420050,
0x000002506341d7d0, 0x000002506523fe00, 0x0000025065240310, 0x000002506523ad00,
0x0000025065240d30, 0x0000025065241750, 0x000002506523eed0, 0x000002506523d580,
0x000002506523da90, 0x0000025065240820, 0x0000025065241240, 0x000002506523f8f0,
0x000002506523a2e0, 0x000002506523d070, 0x000002506523b720, 0x000002506523c650
}

Java Threads: ( => current thread )
  0x000002504a38df70 JavaThread "main" [_thread_blocked, id=30332, stack(0x000000a5d0200000,0x000000a5d0300000)]
  0x000002505e214020 JavaThread "Reference Handler" daemon [_thread_blocked, id=35824, stack(0x000000a5d0500000,0x000000a5d0600000)]
  0x000002504a439760 JavaThread "Finalizer" daemon [_thread_blocked, id=42092, stack(0x000000a5d0600000,0x000000a5d0700000)]
  0x000002505e21cec0 JavaThread "Signal Dispatcher" daemon [_thread_blocked, id=23832, stack(0x000000a5d0700000,0x000000a5d0800000)]
  0x000002505e21d890 JavaThread "Attach Listener" daemon [_thread_blocked, id=21620, stack(0x000000a5d0800000,0x000000a5d0900000)]
  0x0000025063283000 JavaThread "Service Thread" daemon [_thread_blocked, id=26288, stack(0x000000a5d0900000,0x000000a5d0a00000)]
  0x0000025063283970 JavaThread "Monitor Deflation Thread" daemon [_thread_blocked, id=31300, stack(0x000000a5d0a00000,0x000000a5d0b00000)]
  0x00000250632888a0 JavaThread "C2 CompilerThread0" daemon [_thread_in_native, id=32984, stack(0x000000a5d0b00000,0x000000a5d0c00000)]
  0x000002506328d380 JavaThread "C1 CompilerThread0" daemon [_thread_in_vm, id=7572, stack(0x000000a5d0c00000,0x000000a5d0d00000)]
  0x0000025063291450 JavaThread "Sweeper thread" daemon [_thread_blocked, id=36348, stack(0x000000a5d0d00000,0x000000a5d0e00000)]
  0x000002506341dce0 JavaThread "Common-Cleaner" daemon [_thread_blocked, id=35800, stack(0x000000a5d0e00000,0x000000a5d0f00000)]
=>0x00000250633e1ea0 JavaThread "C2 CompilerThread1" daemon [_thread_in_native, id=31728, stack(0x000000a5d0f00000,0x000000a5d1000000)]
  0x000002506341fb40 JavaThread "Notification Thread" daemon [_thread_blocked, id=26264, stack(0x000000a5d1000000,0x000000a5d1100000)]
  0x000002506341e1f0 JavaThread "Active Thread: Equinox Container: 0a1de414-d08e-49ff-99e1-a844ec23e9b6" [_thread_blocked, id=31264, stack(0x000000a5d1700000,0x000000a5d1800000)]
  0x000002506341e700 JavaThread "Refresh Thread: Equinox Container: 0a1de414-d08e-49ff-99e1-a844ec23e9b6" daemon [_thread_blocked, id=39240, stack(0x000000a5d1800000,0x000000a5d1900000)]
  0x000002506341f120 JavaThread "Framework Event Dispatcher: Equinox Container: 0a1de414-d08e-49ff-99e1-a844ec23e9b6" daemon [_thread_blocked, id=28980, stack(0x000000a5d1900000,0x000000a5d1a00000)]
  0x0000025063420560 JavaThread "Start Level: Equinox Container: 0a1de414-d08e-49ff-99e1-a844ec23e9b6" daemon [_thread_blocked, id=39028, stack(0x000000a5d1a00000,0x000000a5d1b00000)]
  0x000002506341f630 JavaThread "Bundle File Closer" daemon [_thread_blocked, id=19244, stack(0x000000a5d1d00000,0x000000a5d1e00000)]
  0x000002506341cdb0 JavaThread "SCR Component Actor" daemon [_thread_blocked, id=24032, stack(0x000000a5d1e00000,0x000000a5d1f00000)]
  0x0000025063420050 JavaThread "SCR Component Registry" daemon [_thread_blocked, id=37316, stack(0x000000a5d1f00000,0x000000a5d2000000)]
  0x000002506341d7d0 JavaThread "Worker-JM" [_thread_blocked, id=32160, stack(0x000000a5d2000000,0x000000a5d2100000)]
  0x000002506523fe00 JavaThread "JNA Cleaner" daemon [_thread_blocked, id=22520, stack(0x000000a5d2100000,0x000000a5d2200000)]
  0x0000025065240310 JavaThread "Worker-0" [_thread_blocked, id=37712, stack(0x000000a5d2200000,0x000000a5d2300000)]
  0x000002506523ad00 JavaThread "Worker-1" [_thread_blocked, id=37944, stack(0x000000a5d2300000,0x000000a5d2400000)]
  0x0000025065240d30 JavaThread "Worker-2: Initialize After Load" [_thread_in_vm, id=36160, stack(0x000000a5d2400000,0x000000a5d2500000)]
  0x0000025065241750 JavaThread "Java indexing" daemon [_thread_blocked, id=20524, stack(0x000000a5d2500000,0x000000a5d2600000)]
  0x000002506523eed0 JavaThread "Thread-2" daemon [_thread_in_native, id=22408, stack(0x000000a5d2600000,0x000000a5d2700000)]
  0x000002506523d580 JavaThread "Thread-3" daemon [_thread_in_native, id=5292, stack(0x000000a5d2700000,0x000000a5d2800000)]
  0x000002506523da90 JavaThread "Thread-4" daemon [_thread_in_native, id=19680, stack(0x000000a5d2800000,0x000000a5d2900000)]
  0x0000025065240820 JavaThread "Thread-5" daemon [_thread_in_native, id=36612, stack(0x000000a5d2900000,0x000000a5d2a00000)]
  0x0000025065241240 JavaThread "Thread-6" daemon [_thread_in_vm, id=25320, stack(0x000000a5d2a00000,0x000000a5d2b00000)]
  0x000002506523f8f0 JavaThread "Thread-7" daemon [_thread_in_native, id=10728, stack(0x000000a5d2b00000,0x000000a5d2c00000)]
  0x000002506523a2e0 JavaThread "Thread-8" daemon [_thread_in_native, id=40560, stack(0x000000a5d2c00000,0x000000a5d2d00000)]
  0x000002506523d070 JavaThread "Thread-9" daemon [_thread_in_native, id=10220, stack(0x000000a5d2d00000,0x000000a5d2e00000)]
  0x000002506523b720 JavaThread "Thread-10" daemon [_thread_in_native, id=18948, stack(0x000000a5d2e00000,0x000000a5d2f00000)]
  0x000002506523c650 JavaThread "Framework stop - Equinox Container: 0a1de414-d08e-49ff-99e1-a844ec23e9b6" [_thread_in_Java, id=29292, stack(0x000000a5d2f00000,0x000000a5d3000000)]

Other Threads:
  0x00000250632614b0 VMThread "VM Thread" [stack: 0x000000a5d0400000,0x000000a5d0500000] [id=12184]
  0x0000025064488aa0 WatcherThread [stack: 0x000000a5d1100000,0x000000a5d1200000] [id=29632]
  0x000002504a3a5000 GCTaskThread "GC Thread#0" [stack: 0x000000a5d0300000,0x000000a5d0400000] [id=33084]
  0x0000025064dcfce0 GCTaskThread "GC Thread#1" [stack: 0x000000a5d1200000,0x000000a5d1300000] [id=22908]
  0x00000250649f4110 GCTaskThread "GC Thread#2" [stack: 0x000000a5d1300000,0x000000a5d1400000] [id=36916]
  0x00000250649f43d0 GCTaskThread "GC Thread#3" [stack: 0x000000a5d1400000,0x000000a5d1500000] [id=31188]
  0x0000025064726720 GCTaskThread "GC Thread#4" [stack: 0x000000a5d1500000,0x000000a5d1600000] [id=32936]
  0x00000250647269e0 GCTaskThread "GC Thread#5" [stack: 0x000000a5d1600000,0x000000a5d1700000] [id=35960]
  0x0000025064db7ba0 GCTaskThread "GC Thread#6" [stack: 0x000000a5d1b00000,0x000000a5d1c00000] [id=35996]
  0x0000025064824f20 GCTaskThread "GC Thread#7" [stack: 0x000000a5d1c00000,0x000000a5d1d00000] [id=39276]

Threads with active compile tasks:
C2 CompilerThread0     4012 3655       4       org.lombokweb.asm.ClassReader::readMethod (1070 bytes)
C1 CompilerThread0     4012 4000       3       java.lang.invoke.LambdaFormEditor::bindArgumentForm (269 bytes)
C2 CompilerThread1     4012 3956       4       jdk.internal.module.SystemModuleFinders$SystemModuleReader::find (59 bytes)

VM state: not at safepoint (normal execution)

VM Mutex/Monitor currently owned by a thread: None

Heap address: 0x00000000c0000000, size: 1024 MB, Compressed Oops mode: 32-bit

CDS archive(s) not mapped
Compressed class space mapped at: 0x0000000100000000-0x0000000140000000, reserved size: 1073741824
Narrow klass base: 0x0000000000000000, Narrow klass shift: 3, Narrow klass range: 0x140000000

GC Precious Log:
 CPUs: 8 total, 8 available
 Memory: 7916M
 Large Page Support: Disabled
 NUMA Support: Disabled
 Compressed Oops: Enabled (32-bit)
 Alignments: Space 512K, Generation 512K, Heap 2M
 Heap Min Capacity: 100M
 Heap Initial Capacity: 100M
 Heap Max Capacity: 1G
 Pre-touch: Disabled
 Parallel Workers: 8

Heap:
 PSYoungGen      total 23552K, used 16565K [0x00000000eab00000, 0x00000000ec680000, 0x0000000100000000)
  eden space 23040K, 71% used [0x00000000eab00000,0x00000000ebb2d500,0x00000000ec180000)
  from space 512K, 0% used [0x00000000ec380000,0x00000000ec380000,0x00000000ec400000)
  to   space 1536K, 0% used [0x00000000ec500000,0x00000000ec500000,0x00000000ec680000)
 ParOldGen       total 68608K, used 14950K [0x00000000c0000000, 0x00000000c4300000, 0x00000000eab00000)
  object space 68608K, 21% used [0x00000000c0000000,0x00000000c0e99a40,0x00000000c4300000)
 Metaspace       used 37403K, committed 38272K, reserved 1114112K
  class space    used 3692K, committed 4032K, reserved 1048576K

Card table byte_map: [0x0000025049d20000,0x0000025049f30000] _byte_map_base: 0x0000025049720000

Marking Bits: (ParMarkBitMap*) 0x00007ffa59426940
 Begin Bits: [0x000002505c020000, 0x000002505d020000)
 End Bits:   [0x000002505d020000, 0x000002505e020000)

Polling page: 0x00000250482e0000

Metaspace:

Usage:
  Non-class:     32.92 MB used.
      Class:      3.61 MB used.
       Both:     36.53 MB used.

Virtual space:
  Non-class space:       64.00 MB reserved,      33.44 MB ( 52%) committed,  1 nodes.
      Class space:        1.00 GB reserved,       3.94 MB ( <1%) committed,  1 nodes.
             Both:        1.06 GB reserved,      37.38 MB (  3%) committed. 

Chunk freelists:
   Non-Class:  14.28 MB
       Class:  11.98 MB
        Both:  26.27 MB

MaxMetaspaceSize: unlimited
CompressedClassSpaceSize: 1.00 GB
Initial GC threshold: 21.00 MB
Current GC threshold: 58.38 MB
CDS: off
MetaspaceReclaimPolicy: balanced
 - commit_granule_bytes: 65536.
 - commit_granule_words: 8192.
 - virtual_space_node_default_size: 8388608.
 - enlarge_chunks_in_place: 1.
 - new_chunks_are_fully_committed: 0.
 - uncommit_free_chunks: 1.
 - use_allocation_guard: 0.
 - handle_deallocations: 1.


Internal statistics:

num_allocs_failed_limit: 6.
num_arena_births: 392.
num_arena_deaths: 14.
num_vsnodes_births: 2.
num_vsnodes_deaths: 0.
num_space_committed: 598.
num_space_uncommitted: 0.
num_chunks_returned_to_freelist: 20.
num_chunks_taken_from_freelist: 1551.
num_chunk_merges: 8.
num_chunk_splits: 1027.
num_chunks_enlarged: 722.
num_inconsistent_stats: 0.

CodeHeap 'non-profiled nmethods': size=120000Kb used=1789Kb max_used=1789Kb free=118211Kb
 bounds [0x0000025054af0000, 0x0000025054d60000, 0x000002505c020000]
CodeHeap 'profiled nmethods': size=120000Kb used=8213Kb max_used=8213Kb free=111787Kb
 bounds [0x000002504d020000, 0x000002504d830000, 0x0000025054550000]
CodeHeap 'non-nmethods': size=5760Kb used=1273Kb max_used=1291Kb free=4486Kb
 bounds [0x0000025054550000, 0x00000250547c0000, 0x0000025054af0000]
 total_blobs=4591 nmethods=3993 adapters=511
 compilation: enabled
              stopped_count=0, restarted_count=0
 full_count=0

Compilation events (20 events):
Event: 3.978 Thread 0x000002506328d380 3964       3       com.sun.org.apache.xerces.internal.dom.NodeImpl::isNormalized (55 bytes)
Event: 3.979 Thread 0x000002506328d380 nmethod 3964 0x000002504d813090 code [0x000002504d813240, 0x000002504d813568]
Event: 3.982 Thread 0x000002506328d380 3968       3       jdk.internal.org.objectweb.asm.AnnotationVisitor::<init> (88 bytes)
Event: 3.983 Thread 0x000002506328d380 nmethod 3968 0x000002504d813690 code [0x000002504d8138e0, 0x000002504d814128]
Event: 3.983 Thread 0x000002506328d380 3970       3       java.util.HashMap::clear (50 bytes)
Event: 3.983 Thread 0x000002506328d380 nmethod 3970 0x000002504d814410 code [0x000002504d8145c0, 0x000002504d814938]
Event: 3.983 Thread 0x000002506328d380 3972       3       com.sun.org.apache.xerces.internal.dom.DeferredDocumentImpl::clearChunkValue (69 bytes)
Event: 3.983 Thread 0x000002506328d380 nmethod 3972 0x000002504d814a90 code [0x000002504d814c80, 0x000002504d815338]
Event: 3.983 Thread 0x000002506328d380 3967       1       java.lang.invoke.InvokerBytecodeGenerator::setClassWriter (6 bytes)
Event: 3.984 Thread 0x000002506328d380 nmethod 3967 0x0000025054cae710 code [0x0000025054cae8a0, 0x0000025054cae978]
Event: 3.984 Thread 0x000002506328d380 3969       1       java.lang.Class::getClassData (5 bytes)
Event: 3.984 Thread 0x000002506328d380 nmethod 3969 0x0000025054caea10 code [0x0000025054caeba0, 0x0000025054caec78]
Event: 3.986 Thread 0x000002506328d380 3974       3       com.sun.org.apache.xerces.internal.dom.NodeImpl::isSpecified (27 bytes)
Event: 3.986 Thread 0x000002506328d380 nmethod 3974 0x000002504d815590 code [0x000002504d815720, 0x000002504d815898]
Event: 3.986 Thread 0x000002506328d380 3975       3       com.sun.org.apache.xerces.internal.dom.NodeImpl::ownerDocument (23 bytes)
Event: 3.986 Thread 0x000002506328d380 nmethod 3975 0x000002504d815910 code [0x000002504d815ae0, 0x000002504d815ea8]
Event: 3.987 Thread 0x000002506328d380 3976       3       java.util.ImmutableCollections$ListItr::hasNext (17 bytes)
Event: 3.987 Thread 0x000002506328d380 nmethod 3976 0x000002504d815f90 code [0x000002504d816120, 0x000002504d816298]
Event: 3.989 Thread 0x000002506328d380 3977       3       org.eclipse.core.runtime.Path::append (147 bytes)
Event: 3.990 Thread 0x000002506328d380 nmethod 3977 0x000002504d816310 code [0x000002504d816640, 0x000002504d817788]

GC Heap History (20 events):
Event: 2.278 GC heap before
{Heap before GC invocations=4 (full 0):
 PSYoungGen      total 29696K, used 29682K [0x00000000eab00000, 0x00000000ecc00000, 0x0000000100000000)
  eden space 25600K, 100% used [0x00000000eab00000,0x00000000ec400000,0x00000000ec400000)
  from space 4096K, 99% used [0x00000000ec400000,0x00000000ec7fcbb0,0x00000000ec800000)
  to   space 4096K, 0% used [0x00000000ec800000,0x00000000ec800000,0x00000000ecc00000)
 ParOldGen       total 68608K, used 5630K [0x00000000c0000000, 0x00000000c4300000, 0x00000000eab00000)
  object space 68608K, 8% used [0x00000000c0000000,0x00000000c057fa18,0x00000000c4300000)
 Metaspace       used 19565K, committed 19904K, reserved 1114112K
  class space    used 1989K, committed 2112K, reserved 1048576K
}
Event: 2.282 GC heap after
{Heap after GC invocations=4 (full 0):
 PSYoungGen      total 29696K, used 4072K [0x00000000eab00000, 0x00000000ecc00000, 0x0000000100000000)
  eden space 25600K, 0% used [0x00000000eab00000,0x00000000eab00000,0x00000000ec400000)
  from space 4096K, 99% used [0x00000000ec800000,0x00000000ecbfa1d8,0x00000000ecc00000)
  to   space 4096K, 0% used [0x00000000ec400000,0x00000000ec400000,0x00000000ec800000)
 ParOldGen       total 68608K, used 6372K [0x00000000c0000000, 0x00000000c4300000, 0x00000000eab00000)
  object space 68608K, 9% used [0x00000000c0000000,0x00000000c06391e0,0x00000000c4300000)
 Metaspace       used 19565K, committed 19904K, reserved 1114112K
  class space    used 1989K, committed 2112K, reserved 1048576K
}
Event: 2.412 GC heap before
{Heap before GC invocations=5 (full 0):
 PSYoungGen      total 29696K, used 13635K [0x00000000eab00000, 0x00000000ecc00000, 0x0000000100000000)
  eden space 25600K, 37% used [0x00000000eab00000,0x00000000eb456ad8,0x00000000ec400000)
  from space 4096K, 99% used [0x00000000ec800000,0x00000000ecbfa1d8,0x00000000ecc00000)
  to   space 4096K, 0% used [0x00000000ec400000,0x00000000ec400000,0x00000000ec800000)
 ParOldGen       total 68608K, used 6372K [0x00000000c0000000, 0x00000000c4300000, 0x00000000eab00000)
  object space 68608K, 9% used [0x00000000c0000000,0x00000000c06391e0,0x00000000c4300000)
 Metaspace       used 21077K, committed 21504K, reserved 1114112K
  class space    used 2123K, committed 2304K, reserved 1048576K
}
Event: 2.416 GC heap after
{Heap after GC invocations=5 (full 0):
 PSYoungGen      total 29696K, used 4093K [0x00000000eab00000, 0x00000000ece00000, 0x0000000100000000)
  eden space 25600K, 0% used [0x00000000eab00000,0x00000000eab00000,0x00000000ec400000)
  from space 4096K, 99% used [0x00000000ec400000,0x00000000ec7ff450,0x00000000ec800000)
  to   space 5120K, 0% used [0x00000000ec900000,0x00000000ec900000,0x00000000ece00000)
 ParOldGen       total 68608K, used 6780K [0x00000000c0000000, 0x00000000c4300000, 0x00000000eab00000)
  object space 68608K, 9% used [0x00000000c0000000,0x00000000c069f1f0,0x00000000c4300000)
 Metaspace       used 21077K, committed 21504K, reserved 1114112K
  class space    used 2123K, committed 2304K, reserved 1048576K
}
Event: 2.416 GC heap before
{Heap before GC invocations=6 (full 1):
 PSYoungGen      total 29696K, used 4093K [0x00000000eab00000, 0x00000000ece00000, 0x0000000100000000)
  eden space 25600K, 0% used [0x00000000eab00000,0x00000000eab00000,0x00000000ec400000)
  from space 4096K, 99% used [0x00000000ec400000,0x00000000ec7ff450,0x00000000ec800000)
  to   space 5120K, 0% used [0x00000000ec900000,0x00000000ec900000,0x00000000ece00000)
 ParOldGen       total 68608K, used 6780K [0x00000000c0000000, 0x00000000c4300000, 0x00000000eab00000)
  object space 68608K, 9% used [0x00000000c0000000,0x00000000c069f1f0,0x00000000c4300000)
 Metaspace       used 21077K, committed 21504K, reserved 1114112K
  class space    used 2123K, committed 2304K, reserved 1048576K
}
Event: 2.443 GC heap after
{Heap after GC invocations=6 (full 1):
 PSYoungGen      total 29696K, used 0K [0x00000000eab00000, 0x00000000ece00000, 0x0000000100000000)
  eden space 25600K, 0% used [0x00000000eab00000,0x00000000eab00000,0x00000000ec400000)
  from space 4096K, 0% used [0x00000000ec400000,0x00000000ec400000,0x00000000ec800000)
  to   space 5120K, 0% used [0x00000000ec900000,0x00000000ec900000,0x00000000ece00000)
 ParOldGen       total 68608K, used 10522K [0x00000000c0000000, 0x00000000c4300000, 0x00000000eab00000)
  object space 68608K, 15% used [0x00000000c0000000,0x00000000c0a469e8,0x00000000c4300000)
 Metaspace       used 21077K, committed 21504K, reserved 1114112K
  class space    used 2123K, committed 2304K, reserved 1048576K
}
Event: 2.867 GC heap before
{Heap before GC invocations=7 (full 1):
 PSYoungGen      total 29696K, used 25600K [0x00000000eab00000, 0x00000000ece00000, 0x0000000100000000)
  eden space 25600K, 100% used [0x00000000eab00000,0x00000000ec400000,0x00000000ec400000)
  from space 4096K, 0% used [0x00000000ec400000,0x00000000ec400000,0x00000000ec800000)
  to   space 5120K, 0% used [0x00000000ec900000,0x00000000ec900000,0x00000000ece00000)
 ParOldGen       total 68608K, used 10522K [0x00000000c0000000, 0x00000000c4300000, 0x00000000eab00000)
  object space 68608K, 15% used [0x00000000c0000000,0x00000000c0a469e8,0x00000000c4300000)
 Metaspace       used 24838K, committed 25408K, reserved 1114112K
  class space    used 2525K, committed 2752K, reserved 1048576K
}
Event: 2.869 GC heap after
{Heap after GC invocations=7 (full 1):
 PSYoungGen      total 26624K, used 1123K [0x00000000eab00000, 0x00000000eca80000, 0x0000000100000000)
  eden space 25088K, 0% used [0x00000000eab00000,0x00000000eab00000,0x00000000ec380000)
  from space 1536K, 73% used [0x00000000ec900000,0x00000000eca18e70,0x00000000eca80000)
  to   space 2560K, 0% used [0x00000000ec580000,0x00000000ec580000,0x00000000ec800000)
 ParOldGen       total 68608K, used 10530K [0x00000000c0000000, 0x00000000c4300000, 0x00000000eab00000)
  object space 68608K, 15% used [0x00000000c0000000,0x00000000c0a489e8,0x00000000c4300000)
 Metaspace       used 24838K, committed 25408K, reserved 1114112K
  class space    used 2525K, committed 2752K, reserved 1048576K
}
Event: 3.145 GC heap before
{Heap before GC invocations=8 (full 1):
 PSYoungGen      total 26624K, used 26211K [0x00000000eab00000, 0x00000000eca80000, 0x0000000100000000)
  eden space 25088K, 100% used [0x00000000eab00000,0x00000000ec380000,0x00000000ec380000)
  from space 1536K, 73% used [0x00000000ec900000,0x00000000eca18e70,0x00000000eca80000)
  to   space 2560K, 0% used [0x00000000ec580000,0x00000000ec580000,0x00000000ec800000)
 ParOldGen       total 68608K, used 10530K [0x00000000c0000000, 0x00000000c4300000, 0x00000000eab00000)
  object space 68608K, 15% used [0x00000000c0000000,0x00000000c0a489e8,0x00000000c4300000)
 Metaspace       used 27368K, committed 28032K, reserved 1114112K
  class space    used 2816K, committed 3072K, reserved 1048576K
}
Event: 3.148 GC heap after
{Heap after GC invocations=8 (full 1):
 PSYoungGen      total 27136K, used 2558K [0x00000000eab00000, 0x00000000eca00000, 0x0000000100000000)
  eden space 24576K, 0% used [0x00000000eab00000,0x00000000eab00000,0x00000000ec300000)
  from space 2560K, 99% used [0x00000000ec580000,0x00000000ec7ff850,0x00000000ec800000)
  to   space 2048K, 0% used [0x00000000ec800000,0x00000000ec800000,0x00000000eca00000)
 ParOldGen       total 68608K, used 10902K [0x00000000c0000000, 0x00000000c4300000, 0x00000000eab00000)
  object space 68608K, 15% used [0x00000000c0000000,0x00000000c0aa59f8,0x00000000c4300000)
 Metaspace       used 27368K, committed 28032K, reserved 1114112K
  class space    used 2816K, committed 3072K, reserved 1048576K
}
Event: 3.312 GC heap before
{Heap before GC invocations=9 (full 1):
 PSYoungGen      total 27136K, used 27134K [0x00000000eab00000, 0x00000000eca00000, 0x0000000100000000)
  eden space 24576K, 100% used [0x00000000eab00000,0x00000000ec300000,0x00000000ec300000)
  from space 2560K, 99% used [0x00000000ec580000,0x00000000ec7ff850,0x00000000ec800000)
  to   space 2048K, 0% used [0x00000000ec800000,0x00000000ec800000,0x00000000eca00000)
 ParOldGen       total 68608K, used 10902K [0x00000000c0000000, 0x00000000c4300000, 0x00000000eab00000)
  object space 68608K, 15% used [0x00000000c0000000,0x00000000c0aa59f8,0x00000000c4300000)
 Metaspace       used 29735K, committed 30400K, reserved 1114112K
  class space    used 2983K, committed 3264K, reserved 1048576K
}
Event: 3.313 GC heap after
{Heap after GC invocations=9 (full 1):
 PSYoungGen      total 26112K, used 2032K [0x00000000eab00000, 0x00000000eca00000, 0x0000000100000000)
  eden space 24064K, 0% used [0x00000000eab00000,0x00000000eab00000,0x00000000ec280000)
  from space 2048K, 99% used [0x00000000ec800000,0x00000000ec9fc268,0x00000000eca00000)
  to   space 3584K, 0% used [0x00000000ec300000,0x00000000ec300000,0x00000000ec680000)
 ParOldGen       total 68608K, used 12148K [0x00000000c0000000, 0x00000000c4300000, 0x00000000eab00000)
  object space 68608K, 17% used [0x00000000c0000000,0x00000000c0bdd278,0x00000000c4300000)
 Metaspace       used 29735K, committed 30400K, reserved 1114112K
  class space    used 2983K, committed 3264K, reserved 1048576K
}
Event: 3.482 GC heap before
{Heap before GC invocations=10 (full 1):
 PSYoungGen      total 26112K, used 26091K [0x00000000eab00000, 0x00000000eca00000, 0x0000000100000000)
  eden space 24064K, 99% used [0x00000000eab00000,0x00000000ec27e9d0,0x00000000ec280000)
  from space 2048K, 99% used [0x00000000ec800000,0x00000000ec9fc268,0x00000000eca00000)
  to   space 3584K, 0% used [0x00000000ec300000,0x00000000ec300000,0x00000000ec680000)
 ParOldGen       total 68608K, used 12148K [0x00000000c0000000, 0x00000000c4300000, 0x00000000eab00000)
  object space 68608K, 17% used [0x00000000c0000000,0x00000000c0bdd278,0x00000000c4300000)
 Metaspace       used 32975K, committed 33600K, reserved 1114112K
  class space    used 3238K, committed 3520K, reserved 1048576K
}
Event: 3.485 GC heap after
{Heap after GC invocations=10 (full 1):
 PSYoungGen      total 26624K, used 3041K [0x00000000eab00000, 0x00000000ec900000, 0x0000000100000000)
  eden space 23552K, 0% used [0x00000000eab00000,0x00000000eab00000,0x00000000ec200000)
  from space 3072K, 99% used [0x00000000ec300000,0x00000000ec5f86f0,0x00000000ec600000)
  to   space 3072K, 0% used [0x00000000ec600000,0x00000000ec600000,0x00000000ec900000)
 ParOldGen       total 68608K, used 13429K [0x00000000c0000000, 0x00000000c4300000, 0x00000000eab00000)
  object space 68608K, 19% used [0x00000000c0000000,0x00000000c0d1d4a8,0x00000000c4300000)
 Metaspace       used 32975K, committed 33600K, reserved 1114112K
  class space    used 3238K, committed 3520K, reserved 1048576K
}
Event: 3.704 GC heap before
{Heap before GC invocations=11 (full 1):
 PSYoungGen      total 26624K, used 26593K [0x00000000eab00000, 0x00000000ec900000, 0x0000000100000000)
  eden space 23552K, 100% used [0x00000000eab00000,0x00000000ec200000,0x00000000ec200000)
  from space 3072K, 99% used [0x00000000ec300000,0x00000000ec5f86f0,0x00000000ec600000)
  to   space 3072K, 0% used [0x00000000ec600000,0x00000000ec600000,0x00000000ec900000)
 ParOldGen       total 68608K, used 13429K [0x00000000c0000000, 0x00000000c4300000, 0x00000000eab00000)
  object space 68608K, 19% used [0x00000000c0000000,0x00000000c0d1d4a8,0x00000000c4300000)
 Metaspace       used 34890K, committed 35584K, reserved 1114112K
  class space    used 3384K, committed 3648K, reserved 1048576K
}
Event: 3.707 GC heap after
{Heap after GC invocations=11 (full 1):
 PSYoungGen      total 25600K, used 2165K [0x00000000eab00000, 0x00000000ec880000, 0x0000000100000000)
  eden space 23040K, 0% used [0x00000000eab00000,0x00000000eab00000,0x00000000ec180000)
  from space 2560K, 84% used [0x00000000ec600000,0x00000000ec81d5c8,0x00000000ec880000)
  to   space 2560K, 0% used [0x00000000ec380000,0x00000000ec380000,0x00000000ec600000)
 ParOldGen       total 68608K, used 15012K [0x00000000c0000000, 0x00000000c4300000, 0x00000000eab00000)
  object space 68608K, 21% used [0x00000000c0000000,0x00000000c0ea9178,0x00000000c4300000)
 Metaspace       used 34890K, committed 35584K, reserved 1114112K
  class space    used 3384K, committed 3648K, reserved 1048576K
}
Event: 3.737 GC heap before
{Heap before GC invocations=12 (full 1):
 PSYoungGen      total 25600K, used 3931K [0x00000000eab00000, 0x00000000ec880000, 0x0000000100000000)
  eden space 23040K, 7% used [0x00000000eab00000,0x00000000eacb99d0,0x00000000ec180000)
  from space 2560K, 84% used [0x00000000ec600000,0x00000000ec81d5c8,0x00000000ec880000)
  to   space 2560K, 0% used [0x00000000ec380000,0x00000000ec380000,0x00000000ec600000)
 ParOldGen       total 68608K, used 15012K [0x00000000c0000000, 0x00000000c4300000, 0x00000000eab00000)
  object space 68608K, 21% used [0x00000000c0000000,0x00000000c0ea9178,0x00000000c4300000)
 Metaspace       used 35143K, committed 35840K, reserved 1114112K
  class space    used 3417K, committed 3712K, reserved 1048576K
}
Event: 3.740 GC heap after
{Heap after GC invocations=12 (full 1):
 PSYoungGen      total 23552K, used 288K [0x00000000eab00000, 0x00000000ec680000, 0x0000000100000000)
  eden space 23040K, 0% used [0x00000000eab00000,0x00000000eab00000,0x00000000ec180000)
  from space 512K, 56% used [0x00000000ec380000,0x00000000ec3c8000,0x00000000ec400000)
  to   space 1536K, 0% used [0x00000000ec500000,0x00000000ec500000,0x00000000ec680000)
 ParOldGen       total 68608K, used 17045K [0x00000000c0000000, 0x00000000c4300000, 0x00000000eab00000)
  object space 68608K, 24% used [0x00000000c0000000,0x00000000c10a5690,0x00000000c4300000)
 Metaspace       used 35143K, committed 35840K, reserved 1114112K
  class space    used 3417K, committed 3712K, reserved 1048576K
}
Event: 3.740 GC heap before
{Heap before GC invocations=13 (full 2):
 PSYoungGen      total 23552K, used 288K [0x00000000eab00000, 0x00000000ec680000, 0x0000000100000000)
  eden space 23040K, 0% used [0x00000000eab00000,0x00000000eab00000,0x00000000ec180000)
  from space 512K, 56% used [0x00000000ec380000,0x00000000ec3c8000,0x00000000ec400000)
  to   space 1536K, 0% used [0x00000000ec500000,0x00000000ec500000,0x00000000ec680000)
 ParOldGen       total 68608K, used 17045K [0x00000000c0000000, 0x00000000c4300000, 0x00000000eab00000)
  object space 68608K, 24% used [0x00000000c0000000,0x00000000c10a5690,0x00000000c4300000)
 Metaspace       used 35143K, committed 35840K, reserved 1114112K
  class space    used 3417K, committed 3712K, reserved 1048576K
}
Event: 3.767 GC heap after
{Heap after GC invocations=13 (full 2):
 PSYoungGen      total 23552K, used 0K [0x00000000eab00000, 0x00000000ec680000, 0x0000000100000000)
  eden space 23040K, 0% used [0x00000000eab00000,0x00000000eab00000,0x00000000ec180000)
  from space 512K, 0% used [0x00000000ec380000,0x00000000ec380000,0x00000000ec400000)
  to   space 1536K, 0% used [0x00000000ec500000,0x00000000ec500000,0x00000000ec680000)
 ParOldGen       total 68608K, used 14950K [0x00000000c0000000, 0x00000000c4300000, 0x00000000eab00000)
  object space 68608K, 21% used [0x00000000c0000000,0x00000000c0e99a40,0x00000000c4300000)
 Metaspace       used 35129K, committed 35840K, reserved 1114112K
  class space    used 3413K, committed 3712K, reserved 1048576K
}

Dll operation events (10 events):
Event: 0.014 Loaded shared library c:\Users\- ACER -\.vscode\extensions\redhat.java-1.36.0-win32-x64\jre\17.0.13-win32-x86_64\bin\java.dll
Event: 0.159 Loaded shared library c:\Users\- ACER -\.vscode\extensions\redhat.java-1.36.0-win32-x64\jre\17.0.13-win32-x86_64\bin\zip.dll
Event: 0.164 Loaded shared library C:\Users\- ACER -\.vscode\extensions\redhat.java-1.36.0-win32-x64\jre\17.0.13-win32-x86_64\bin\instrument.dll
Event: 0.182 Loaded shared library C:\Users\- ACER -\.vscode\extensions\redhat.java-1.36.0-win32-x64\jre\17.0.13-win32-x86_64\bin\net.dll
Event: 0.185 Loaded shared library C:\Users\- ACER -\.vscode\extensions\redhat.java-1.36.0-win32-x64\jre\17.0.13-win32-x86_64\bin\nio.dll
Event: 0.194 Loaded shared library C:\Users\- ACER -\.vscode\extensions\redhat.java-1.36.0-win32-x64\jre\17.0.13-win32-x86_64\bin\zip.dll
Event: 0.217 Loaded shared library C:\Users\- ACER -\.vscode\extensions\redhat.java-1.36.0-win32-x64\jre\17.0.13-win32-x86_64\bin\jimage.dll
Event: 0.298 Loaded shared library c:\Users\- ACER -\.vscode\extensions\redhat.java-1.36.0-win32-x64\jre\17.0.13-win32-x86_64\bin\verify.dll
Event: 1.444 Loaded shared library C:\Users\- ACER -\AppData\Roaming\Code\User\globalStorage\redhat.java\1.36.0\config_win\org.eclipse.equinox.launcher\org.eclipse.equinox.launcher.win32.win32.x86_64_1.2.1100.v20240722-2106\eclipse_11904.dll
Event: 2.724 Loaded shared library C:\Users\- ACER -\AppData\Local\Temp\jna-1377306607\jna14535204050886137194.dll

Deoptimization events (20 events):
Event: 3.921 Thread 0x000002504a38df70 Uncommon trap: trap_request=0xffffff76 fr.pc=0x0000025054c9fe14 relative=0x0000000000000654
Event: 3.921 Thread 0x000002504a38df70 Uncommon trap: reason=predicate action=maybe_recompile pc=0x0000025054c9fe14 method=java.util.TreeMap.getEntryUsingComparator(Ljava/lang/Object;)Ljava/util/TreeMap$Entry; @ 19 c2
Event: 3.922 Thread 0x000002504a38df70 DEOPT PACKING pc=0x0000025054c9fe14 sp=0x000000a5d02fe2c0
Event: 3.922 Thread 0x000002504a38df70 DEOPT UNPACKING pc=0x00000250545a66a3 sp=0x000000a5d02fe270 mode 2
Event: 3.938 Thread 0x0000025065240d30 Uncommon trap: trap_request=0xffffff45 fr.pc=0x0000025054c91b58 relative=0x0000000000001178
Event: 3.938 Thread 0x0000025065240d30 Uncommon trap: reason=unstable_if action=reinterpret pc=0x0000025054c91b58 method=java.util.Properties.loadConvert([CIILjava/lang/StringBuilder;)Ljava/lang/String; @ 477 c2
Event: 3.938 Thread 0x0000025065240d30 DEOPT PACKING pc=0x0000025054c91b58 sp=0x000000a5d24fd790
Event: 3.938 Thread 0x0000025065240d30 DEOPT UNPACKING pc=0x00000250545a66a3 sp=0x000000a5d24fd780 mode 2
Event: 3.973 Thread 0x0000025065240d30 Uncommon trap: trap_request=0xffffff45 fr.pc=0x0000025054c528f4 relative=0x0000000000001714
Event: 3.973 Thread 0x0000025065240d30 Uncommon trap: reason=unstable_if action=reinterpret pc=0x0000025054c528f4 method=sun.nio.fs.WindowsPathParser.nextNonSlash(Ljava/lang/String;II)I @ 2 c2
Event: 3.973 Thread 0x0000025065240d30 DEOPT PACKING pc=0x0000025054c528f4 sp=0x000000a5d24fdaa0
Event: 3.973 Thread 0x0000025065240d30 DEOPT UNPACKING pc=0x00000250545a66a3 sp=0x000000a5d24fda30 mode 2
Event: 3.977 Thread 0x0000025065240d30 Uncommon trap: trap_request=0xffffffc6 fr.pc=0x0000025054c63008 relative=0x0000000000000848
Event: 3.977 Thread 0x0000025065240d30 Uncommon trap: reason=bimorphic_or_optimized_type_check action=maybe_recompile pc=0x0000025054c63008 method=java.io.BufferedInputStream.read([BII)I @ 101 c2
Event: 3.977 Thread 0x0000025065240d30 DEOPT PACKING pc=0x0000025054c63008 sp=0x000000a5d24fe4d0
Event: 3.977 Thread 0x0000025065240d30 DEOPT UNPACKING pc=0x00000250545a66a3 sp=0x000000a5d24fe488 mode 2
Event: 3.978 Thread 0x0000025065240d30 Uncommon trap: trap_request=0xffffffc6 fr.pc=0x0000025054c63054 relative=0x0000000000000894
Event: 3.978 Thread 0x0000025065240d30 Uncommon trap: reason=bimorphic_or_optimized_type_check action=maybe_recompile pc=0x0000025054c63054 method=java.io.BufferedInputStream.read1([BII)I @ 39 c2
Event: 3.978 Thread 0x0000025065240d30 DEOPT PACKING pc=0x0000025054c63054 sp=0x000000a5d24fe4d0
Event: 3.978 Thread 0x0000025065240d30 DEOPT UNPACKING pc=0x00000250545a66a3 sp=0x000000a5d24fe3e8 mode 2

Classes loaded (20 events):
Event: 3.989 Loading class sun/nio/ch/Groupable
Event: 3.989 Loading class sun/nio/ch/Groupable done
Event: 3.989 Loading class sun/nio/ch/AsynchronousFileChannelImpl
Event: 3.989 Loading class sun/nio/ch/AsynchronousFileChannelImpl done
Event: 3.989 Loading class sun/nio/ch/WindowsAsynchronousFileChannelImpl done
Event: 3.989 Loading class sun/nio/ch/WindowsAsynchronousFileChannelImpl$DefaultIocpHolder
Event: 3.990 Loading class sun/nio/ch/WindowsAsynchronousFileChannelImpl$DefaultIocpHolder done
Event: 3.990 Loading class sun/nio/ch/Iocp
Event: 3.990 Loading class sun/nio/ch/AsynchronousChannelGroupImpl
Event: 3.990 Loading class java/nio/channels/AsynchronousChannelGroup
Event: 3.990 Loading class java/nio/channels/AsynchronousChannelGroup done
Event: 3.991 Loading class sun/nio/ch/AsynchronousChannelGroupImpl done
Event: 3.991 Loading class sun/nio/ch/Iocp done
Event: 3.991 Loading class sun/nio/ch/Iocp$CompletionStatus
Event: 3.991 Loading class sun/nio/ch/Iocp$CompletionStatus done
Event: 3.991 Loading class sun/nio/ch/ThreadPool
Event: 3.991 Loading class sun/nio/ch/ThreadPool done
Event: 3.992 Loading class sun/nio/ch/Iocp$EventHandlerTask
Event: 3.992 Loading class sun/nio/ch/Iocp$EventHandlerTask done
Event: 3.992 Loading class sun/nio/ch/AsynchronousChannelGroupImpl$2

Classes unloaded (7 events):
Event: 3.746 Thread 0x00000250632614b0 Unloading class 0x0000000100250000 'java/lang/invoke/LambdaForm$MH+0x0000000100250000'
Event: 3.746 Thread 0x00000250632614b0 Unloading class 0x000000010024fc00 'java/lang/invoke/LambdaForm$MH+0x000000010024fc00'
Event: 3.746 Thread 0x00000250632614b0 Unloading class 0x000000010024f800 'java/lang/invoke/LambdaForm$MH+0x000000010024f800'
Event: 3.746 Thread 0x00000250632614b0 Unloading class 0x000000010024f400 'java/lang/invoke/LambdaForm$MH+0x000000010024f400'
Event: 3.746 Thread 0x00000250632614b0 Unloading class 0x000000010024f000 'java/lang/invoke/LambdaForm$BMH+0x000000010024f000'
Event: 3.746 Thread 0x00000250632614b0 Unloading class 0x000000010024ec00 'java/lang/invoke/LambdaForm$DMH+0x000000010024ec00'
Event: 3.746 Thread 0x00000250632614b0 Unloading class 0x000000010024c400 'java/lang/invoke/LambdaForm$DMH+0x000000010024c400'

Classes redefined (0 events):
No events

Internal exceptions (20 events):
Event: 3.884 Thread 0x0000025063420560 Exception <a 'java/io/FileNotFoundException'{0x00000000eb0e16a0}> (0x00000000eb0e16a0) 
thrown [s\src\hotspot\share\prims\jni.cpp, line 516]
Event: 3.892 Thread 0x0000025063420560 Exception <a 'java/io/FileNotFoundException'{0x00000000eb16df88}> (0x00000000eb16df88) 
thrown [s\src\hotspot\share\prims\jni.cpp, line 516]
Event: 3.895 Thread 0x0000025063420560 Exception <a 'java/lang/UnsatisfiedLinkError'{0x00000000eb19f798}: The specified procedure could not be found.
> (0x00000000eb19f798) 
thrown [s\src\hotspot\share\prims\jni.cpp, line 535]
Event: 3.981 Thread 0x000002504a38df70 Exception <a 'java/lang/NoSuchMethodError'{0x00000000eb854048}: 'java.lang.Object java.lang.invoke.DirectMethodHandle$Holder.invokeStatic(java.lang.Object, java.lang.Object, long, java.lang.Object)'> (0x00000000eb854048) 
thrown [s\src\hotspot\share\interpreter\linkResolver.cpp, line 759]
Event: 3.982 Thread 0x000002504a38df70 Exception <a 'java/lang/NoSuchMethodError'{0x00000000eb85e140}: 'java.lang.Object java.lang.invoke.DirectMethodHandle$Holder.invokeStaticInit(java.lang.Object, java.lang.Object, long, java.lang.Object)'> (0x00000000eb85e140) 
thrown [s\src\hotspot\share\interpreter\linkResolver.cpp, line 759]
Event: 3.983 Thread 0x000002504a38df70 Exception <a 'java/lang/NoSuchMethodError'{0x00000000eb864a28}: 'java.lang.Object java.lang.invoke.DirectMethodHandle$Holder.newInvokeSpecial(java.lang.Object, java.lang.Object, long)'> (0x00000000eb864a28) 
thrown [s\src\hotspot\share\interpreter\linkResolver.cpp, line 759]
Event: 3.984 Thread 0x0000025065240d30 Exception <a 'sun/nio/fs/WindowsException'{0x00000000eb880e08}> (0x00000000eb880e08) 
thrown [s\src\hotspot\share\prims\jni.cpp, line 516]
Event: 3.984 Thread 0x0000025065240d30 Exception <a 'sun/nio/fs/WindowsException'{0x00000000eb8816a8}> (0x00000000eb8816a8) 
thrown [s\src\hotspot\share\prims\jni.cpp, line 516]
Event: 3.984 Thread 0x0000025065240d30 Exception <a 'sun/nio/fs/WindowsException'{0x00000000eb882538}> (0x00000000eb882538) 
thrown [s\src\hotspot\share\prims\jni.cpp, line 516]
Event: 3.985 Thread 0x0000025065240d30 Exception <a 'sun/nio/fs/WindowsException'{0x00000000eb882dc0}> (0x00000000eb882dc0) 
thrown [s\src\hotspot\share\prims\jni.cpp, line 516]
Event: 3.987 Thread 0x0000025065240d30 Exception <a 'sun/nio/fs/WindowsException'{0x00000000eb8b6b00}> (0x00000000eb8b6b00) 
thrown [s\src\hotspot\share\prims\jni.cpp, line 516]
Event: 3.987 Thread 0x0000025065240d30 Exception <a 'sun/nio/fs/WindowsException'{0x00000000eb8b7388}> (0x00000000eb8b7388) 
thrown [s\src\hotspot\share\prims\jni.cpp, line 516]
Event: 3.990 Thread 0x0000025065240d30 Exception <a 'sun/nio/fs/WindowsException'{0x00000000eb8ee2f0}> (0x00000000eb8ee2f0) 
thrown [s\src\hotspot\share\prims\jni.cpp, line 516]
Event: 3.990 Thread 0x0000025065240d30 Exception <a 'sun/nio/fs/WindowsException'{0x00000000eb8eeb78}> (0x00000000eb8eeb78) 
thrown [s\src\hotspot\share\prims\jni.cpp, line 516]
Event: 3.991 Thread 0x0000025065240d30 Exception <a 'sun/nio/fs/WindowsException'{0x00000000eb905a48}> (0x00000000eb905a48) 
thrown [s\src\hotspot\share\prims\jni.cpp, line 516]
Event: 3.991 Thread 0x0000025065240d30 Exception <a 'sun/nio/fs/WindowsException'{0x00000000eb906080}> (0x00000000eb906080) 
thrown [s\src\hotspot\share\prims\jni.cpp, line 516]
Event: 3.991 Thread 0x0000025065240d30 Exception <a 'sun/nio/fs/WindowsException'{0x00000000eb9069b8}> (0x00000000eb9069b8) 
thrown [s\src\hotspot\share\prims\jni.cpp, line 516]
Event: 3.991 Thread 0x0000025065240d30 Exception <a 'sun/nio/fs/WindowsException'{0x00000000eb906ff0}> (0x00000000eb906ff0) 
thrown [s\src\hotspot\share\prims\jni.cpp, line 516]
Event: 3.992 Thread 0x0000025065240d30 Exception <a 'sun/nio/fs/WindowsException'{0x00000000eb907988}> (0x00000000eb907988) 
thrown [s\src\hotspot\share\prims\jni.cpp, line 516]
Event: 3.992 Thread 0x0000025065240d30 Exception <a 'sun/nio/fs/WindowsException'{0x00000000eb907fc0}> (0x00000000eb907fc0) 
thrown [s\src\hotspot\share\prims\jni.cpp, line 516]

VM Operations (20 events):
Event: 3.286 Executing VM operation: HandshakeAllThreads
Event: 3.287 Executing VM operation: HandshakeAllThreads done
Event: 3.312 Executing VM operation: ParallelGCFailedAllocation
Event: 3.313 Executing VM operation: ParallelGCFailedAllocation done
Event: 3.482 Executing VM operation: ParallelGCFailedAllocation
Event: 3.485 Executing VM operation: ParallelGCFailedAllocation done
Event: 3.575 Executing VM operation: HandshakeAllThreads
Event: 3.575 Executing VM operation: HandshakeAllThreads done
Event: 3.649 Executing VM operation: HandshakeAllThreads
Event: 3.649 Executing VM operation: HandshakeAllThreads done
Event: 3.704 Executing VM operation: ParallelGCFailedAllocation
Event: 3.707 Executing VM operation: ParallelGCFailedAllocation done
Event: 3.721 Executing VM operation: HandshakeAllThreads
Event: 3.721 Executing VM operation: HandshakeAllThreads done
Event: 3.737 Executing VM operation: CollectForMetadataAllocation
Event: 3.767 Executing VM operation: CollectForMetadataAllocation done
Event: 3.779 Executing VM operation: HandshakeAllThreads
Event: 3.779 Executing VM operation: HandshakeAllThreads done
Event: 3.808 Executing VM operation: HandshakeAllThreads
Event: 3.808 Executing VM operation: HandshakeAllThreads done

Memory protections (0 events):
No events

Nmethod flushes (0 events):
No events

Events (20 events):
Event: 0.068 Thread 0x000002504a38df70 Thread added: 0x0000025063283970
Event: 0.068 Thread 0x000002504a38df70 Thread added: 0x00000250632888a0
Event: 0.068 Thread 0x000002504a38df70 Thread added: 0x000002506328d380
Event: 0.069 Thread 0x000002504a38df70 Thread added: 0x0000025063291450
Event: 0.118 Thread 0x000002504a38df70 Thread added: 0x000002506341dce0
Event: 0.144 Thread 0x000002506328d380 Thread added: 0x00000250633e1ea0
Event: 0.398 Thread 0x000002504a38df70 Thread added: 0x000002506341fb40
Event: 1.265 Thread 0x000002504a38df70 Thread added: 0x000002506341e1f0
Event: 1.440 Thread 0x000002504a38df70 Thread added: 0x000002506341e700
Event: 1.480 Thread 0x000002506341e700 Thread added: 0x000002506341f120
Event: 1.484 Thread 0x000002504a38df70 Thread added: 0x0000025063420560
Event: 1.827 Thread 0x0000025063420560 Thread added: 0x000002506341f630
Event: 1.957 Thread 0x0000025063420560 Thread added: 0x000002506341cdb0
Event: 2.056 Thread 0x0000025063420560 Thread added: 0x0000025063420050
Event: 2.397 Thread 0x0000025063420560 Thread added: 0x000002506341d7d0
Event: 2.744 Thread 0x0000025063420560 Thread added: 0x000002506523fe00
Event: 2.772 Thread 0x0000025063420560 Thread added: 0x0000025065240310
Event: 2.795 Thread 0x0000025063420560 Thread added: 0x000002506523ad00
Event: 3.352 Thread 0x000002506523ad00 Thread added: 0x0000025065240d30
Event: 3.617 Thread 0x0000025063420560 Thread added: 0x0000025065241750


Dynamic libraries:
0x00007ff782bd0000 - 0x00007ff782bde000 	c:\Users\- ACER -\.vscode\extensions\redhat.java-1.36.0-win32-x64\jre\17.0.13-win32-x86_64\bin\java.exe
0x00007ffa9dd50000 - 0x00007ffa9df67000 	C:\Windows\SYSTEM32\ntdll.dll
0x00007ffa9d340000 - 0x00007ffa9d404000 	C:\Windows\System32\KERNEL32.DLL
0x00007ffa9b410000 - 0x00007ffa9b7c7000 	C:\Windows\System32\KERNELBASE.dll
0x00007ffa9b180000 - 0x00007ffa9b291000 	C:\Windows\System32\ucrtbase.dll
0x00007ffa8c310000 - 0x00007ffa8c32e000 	c:\Users\- ACER -\.vscode\extensions\redhat.java-1.36.0-win32-x64\jre\17.0.13-win32-x86_64\bin\VCRUNTIME140.dll
0x00007ffa8c110000 - 0x00007ffa8c127000 	c:\Users\- ACER -\.vscode\extensions\redhat.java-1.36.0-win32-x64\jre\17.0.13-win32-x86_64\bin\jli.dll
0x00007ffa9d410000 - 0x00007ffa9d5bf000 	C:\Windows\System32\USER32.dll
0x00007ffa9b9d0000 - 0x00007ffa9b9f6000 	C:\Windows\System32\win32u.dll
0x00007ffa83490000 - 0x00007ffa83723000 	C:\Windows\WinSxS\amd64_microsoft.windows.common-controls_6595b64144ccf1df_6.0.22621.3672_none_2713b9d173822955\COMCTL32.dll
0x00007ffa9d610000 - 0x00007ffa9d639000 	C:\Windows\System32\GDI32.dll
0x00007ffa9cb30000 - 0x00007ffa9cbd7000 	C:\Windows\System32\msvcrt.dll
0x00007ffa9b060000 - 0x00007ffa9b178000 	C:\Windows\System32\gdi32full.dll
0x00007ffa9b7d0000 - 0x00007ffa9b86a000 	C:\Windows\System32\msvcp_win.dll
0x00007ffa9bfc0000 - 0x00007ffa9bff1000 	C:\Windows\System32\IMM32.DLL
0x00007ffa95090000 - 0x00007ffa9509c000 	c:\Users\- ACER -\.vscode\extensions\redhat.java-1.36.0-win32-x64\jre\17.0.13-win32-x86_64\bin\vcruntime140_1.dll
0x00007ffa62f30000 - 0x00007ffa62fbd000 	c:\Users\- ACER -\.vscode\extensions\redhat.java-1.36.0-win32-x64\jre\17.0.13-win32-x86_64\bin\msvcp140.dll
0x00007ffa58880000 - 0x00007ffa594eb000 	c:\Users\- ACER -\.vscode\extensions\redhat.java-1.36.0-win32-x64\jre\17.0.13-win32-x86_64\bin\server\jvm.dll
0x00007ffa9d280000 - 0x00007ffa9d332000 	C:\Windows\System32\ADVAPI32.dll
0x00007ffa9d6f0000 - 0x00007ffa9d798000 	C:\Windows\System32\sechost.dll
0x00007ffa9b9a0000 - 0x00007ffa9b9c8000 	C:\Windows\System32\bcrypt.dll
0x00007ffa9c1a0000 - 0x00007ffa9c2b4000 	C:\Windows\System32\RPCRT4.dll
0x00007ffa9d670000 - 0x00007ffa9d6e1000 	C:\Windows\System32\WS2_32.dll
0x00007ffa9af30000 - 0x00007ffa9af7d000 	C:\Windows\SYSTEM32\POWRPROF.dll
0x00007ffa80b50000 - 0x00007ffa80b5a000 	C:\Windows\SYSTEM32\VERSION.dll
0x00007ffa920f0000 - 0x00007ffa92124000 	C:\Windows\SYSTEM32\WINMM.dll
0x00007ffa9ad60000 - 0x00007ffa9ad73000 	C:\Windows\SYSTEM32\UMPDC.dll
0x00007ffa9a080000 - 0x00007ffa9a098000 	C:\Windows\SYSTEM32\kernel.appcore.dll
0x00007ffa94360000 - 0x00007ffa9436a000 	c:\Users\- ACER -\.vscode\extensions\redhat.java-1.36.0-win32-x64\jre\17.0.13-win32-x86_64\bin\jimage.dll
0x00007ffa98930000 - 0x00007ffa98b62000 	C:\Windows\SYSTEM32\DBGHELP.DLL
0x00007ffa9bb30000 - 0x00007ffa9bebe000 	C:\Windows\System32\combase.dll
0x00007ffa9dbd0000 - 0x00007ffa9dca7000 	C:\Windows\System32\OLEAUT32.dll
0x00007ffa75400000 - 0x00007ffa75432000 	C:\Windows\SYSTEM32\dbgcore.DLL
0x00007ffa9ba00000 - 0x00007ffa9ba7b000 	C:\Windows\System32\bcryptPrimitives.dll
0x00007ffa93d80000 - 0x00007ffa93d8e000 	c:\Users\- ACER -\.vscode\extensions\redhat.java-1.36.0-win32-x64\jre\17.0.13-win32-x86_64\bin\instrument.dll
0x00007ffa816a0000 - 0x00007ffa816c5000 	c:\Users\- ACER -\.vscode\extensions\redhat.java-1.36.0-win32-x64\jre\17.0.13-win32-x86_64\bin\java.dll
0x00007ffa8bf10000 - 0x00007ffa8bf28000 	c:\Users\- ACER -\.vscode\extensions\redhat.java-1.36.0-win32-x64\jre\17.0.13-win32-x86_64\bin\zip.dll
0x00007ffa9c2c0000 - 0x00007ffa9cb29000 	C:\Windows\System32\SHELL32.dll
0x00007ffa98f80000 - 0x00007ffa9987f000 	C:\Windows\SYSTEM32\windows.storage.dll
0x00007ffa98e40000 - 0x00007ffa98f7f000 	C:\Windows\SYSTEM32\wintypes.dll
0x00007ffa9bec0000 - 0x00007ffa9bfb9000 	C:\Windows\System32\SHCORE.dll
0x00007ffa9d7a0000 - 0x00007ffa9d7fe000 	C:\Windows\System32\shlwapi.dll
0x00007ffa9af90000 - 0x00007ffa9afb7000 	C:\Windows\SYSTEM32\profapi.dll
0x00007ffa8bc00000 - 0x00007ffa8bc19000 	C:\Users\- ACER -\.vscode\extensions\redhat.java-1.36.0-win32-x64\jre\17.0.13-win32-x86_64\bin\net.dll
0x00007ffa979b0000 - 0x00007ffa97ae6000 	C:\Windows\SYSTEM32\WINHTTP.dll
0x00007ffa9a520000 - 0x00007ffa9a589000 	C:\Windows\system32\mswsock.dll
0x00007ffa8ba90000 - 0x00007ffa8baa6000 	C:\Users\- ACER -\.vscode\extensions\redhat.java-1.36.0-win32-x64\jre\17.0.13-win32-x86_64\bin\nio.dll
0x00007ffa8e5a0000 - 0x00007ffa8e5b0000 	c:\Users\- ACER -\.vscode\extensions\redhat.java-1.36.0-win32-x64\jre\17.0.13-win32-x86_64\bin\verify.dll
0x00007ffa79c90000 - 0x00007ffa79cd5000 	C:\Users\- ACER -\AppData\Roaming\Code\User\globalStorage\redhat.java\1.36.0\config_win\org.eclipse.equinox.launcher\org.eclipse.equinox.launcher.win32.win32.x86_64_1.2.1100.v20240722-2106\eclipse_11904.dll
0x00007ffa9d800000 - 0x00007ffa9d9a5000 	C:\Windows\System32\ole32.dll
0x00007ffa9a770000 - 0x00007ffa9a78b000 	C:\Windows\SYSTEM32\CRYPTSP.dll
0x00007ffa99fe0000 - 0x00007ffa9a015000 	C:\Windows\system32\rsaenh.dll
0x00007ffa9a610000 - 0x00007ffa9a638000 	C:\Windows\SYSTEM32\USERENV.dll
0x00007ffa9a790000 - 0x00007ffa9a79c000 	C:\Windows\SYSTEM32\CRYPTBASE.dll
0x00007ffa99ae0000 - 0x00007ffa99b0d000 	C:\Windows\SYSTEM32\IPHLPAPI.DLL
0x00007ffa9cce0000 - 0x00007ffa9cce9000 	C:\Windows\System32\NSI.dll
0x00007ffa923d0000 - 0x00007ffa923e9000 	C:\Windows\SYSTEM32\dhcpcsvc6.DLL
0x00007ffa92400000 - 0x00007ffa9241f000 	C:\Windows\SYSTEM32\dhcpcsvc.DLL
0x00007ffa99b10000 - 0x00007ffa99c12000 	C:\Windows\SYSTEM32\DNSAPI.dll
0x00007ffa682a0000 - 0x00007ffa682e9000 	C:\Users\- ACER -\AppData\Local\Temp\jna-1377306607\jna14535204050886137194.dll
0x00007ffa9d660000 - 0x00007ffa9d668000 	C:\Windows\System32\PSAPI.DLL

dbghelp: loaded successfully - version: 4.0.5 - missing functions: none
symbol engine: initialized successfully - sym options: 0x614 - pdb path: .;c:\Users\- ACER -\.vscode\extensions\redhat.java-1.36.0-win32-x64\jre\17.0.13-win32-x86_64\bin;C:\Windows\SYSTEM32;C:\Windows\WinSxS\amd64_microsoft.windows.common-controls_6595b64144ccf1df_6.0.22621.3672_none_2713b9d173822955;c:\Users\- ACER -\.vscode\extensions\redhat.java-1.36.0-win32-x64\jre\17.0.13-win32-x86_64\bin\server;C:\Users\- ACER -\AppData\Roaming\Code\User\globalStorage\redhat.java\1.36.0\config_win\org.eclipse.equinox.launcher\org.eclipse.equinox.launcher.win32.win32.x86_64_1.2.1100.v20240722-2106;C:\Users\- ACER -\AppData\Local\Temp\jna-1377306607

VM Arguments:
jvm_args: --add-modules=ALL-SYSTEM --add-opens=java.base/java.util=ALL-UNNAMED --add-opens=java.base/java.lang=ALL-UNNAMED --add-opens=java.base/sun.nio.fs=ALL-UNNAMED -Declipse.application=org.eclipse.jdt.ls.core.id1 -Dosgi.bundles.defaultStartLevel=4 -Declipse.product=org.eclipse.jdt.ls.core.product -Djava.import.generatesMetadataFilesAtProjectRoot=false -DDetectVMInstallationsJob.disabled=true -Dfile.encoding=utf8 -XX:+UseParallelGC -XX:GCTimeRatio=4 -XX:AdaptiveSizePolicyWeight=90 -Dsun.zip.disableMemoryMapping=true -Xmx1G -Xms100m -Xlog:disable -javaagent:c:\Users\- ACER -\.vscode\extensions\redhat.java-1.36.0-win32-x64\lombok\lombok-1.18.35.jar -XX:+HeapDumpOnOutOfMemoryError -XX:HeapDumpPath=c:\Users\- ACER -\AppData\Roaming\Code\User\workspaceStorage\6393be00c954e353ce50cadb054b5d50\redhat.java -Daether.dependencyCollector.impl=bf 
java_command: c:\Users\- ACER -\.vscode\extensions\redhat.java-1.36.0-win32-x64\server\plugins\org.eclipse.equinox.launcher_1.6.900.v20240613-2009.jar -configuration c:\Users\- ACER -\AppData\Roaming\Code\User\globalStorage\redhat.java\1.36.0\config_win -data c:\Users\- ACER -\AppData\Roaming\Code\User\workspaceStorage\6393be00c954e353ce50cadb054b5d50\redhat.java\jdt_ws --pipe=\\.\pipe\lsp-204fcf2820d0b7b7508dcb7c2fbabb4d-sock
java_class_path (initial): c:\Users\- ACER -\.vscode\extensions\redhat.java-1.36.0-win32-x64\server\plugins\org.eclipse.equinox.launcher_1.6.900.v20240613-2009.jar
Launcher Type: SUN_STANDARD

[Global flags]
    uintx AdaptiveSizePolicyWeight                 = 90                                        {product} {command line}
     intx CICompilerCount                          = 4                                         {product} {ergonomic}
    uintx GCTimeRatio                              = 4                                         {product} {command line}
     bool HeapDumpOnOutOfMemoryError               = true                                   {manageable} {command line}
    ccstr HeapDumpPath                             = c:\Users\- ACER -\AppData\Roaming\Code\User\workspaceStorage\6393be00c954e353ce50cadb054b5d50\redhat.java         {manageable} {command line}
   size_t InitialHeapSize                          = 104857600                                 {product} {command line}
   size_t MaxHeapSize                              = 1073741824                                {product} {command line}
   size_t MaxNewSize                               = 357564416                                 {product} {ergonomic}
   size_t MinHeapDeltaBytes                        = 524288                                    {product} {ergonomic}
   size_t MinHeapSize                              = 104857600                                 {product} {command line}
   size_t NewSize                                  = 34603008                                  {product} {ergonomic}
    uintx NonNMethodCodeHeapSize                   = 5839372                                {pd product} {ergonomic}
    uintx NonProfiledCodeHeapSize                  = 122909434                              {pd product} {ergonomic}
   size_t OldSize                                  = 70254592                                  {product} {ergonomic}
    uintx ProfiledCodeHeapSize                     = 122909434                              {pd product} {ergonomic}
    uintx ReservedCodeCacheSize                    = 251658240                              {pd product} {ergonomic}
     bool SegmentedCodeCache                       = true                                      {product} {ergonomic}
   size_t SoftMaxHeapSize                          = 1073741824                             {manageable} {ergonomic}
     bool UseCompressedClassPointers               = true                           {product lp64_product} {ergonomic}
     bool UseCompressedOops                        = true                           {product lp64_product} {ergonomic}
     bool UseLargePagesIndividualAllocation        = false                                  {pd product} {ergonomic}
     bool UseParallelGC                            = true                                      {product} {command line}

Logging:
Log output configuration:
 #0: stdout all=off uptime,level,tags
 #1: stderr all=off uptime,level,tags

Environment Variables:
PATH=C:\Program Files\Common Files\Oracle\Java\javapath;C:\Windows\system32;C:\Windows;C:\Windows\System32\Wbem;C:\Windows\System32\WindowsPowerShell\v1.0\;C:\Windows\System32\OpenSSH\;C:\Program Files\Java\jdk-22\bin;C:\Program Files\Git\cmd;C:\Users\- ACER -\.config\herd\bin;C:\Users\- ACER -\AppData\Local\Microsoft\WindowsApps;C:\Users\- ACER -\AppData\Local\Programs\Microsoft VS Code\bin
USERNAME=- ACER -
OS=Windows_NT
PROCESSOR_IDENTIFIER=Intel64 Family 6 Model 154 Stepping 4, GenuineIntel
TMP=C:\Users\-ACER-~1\AppData\Local\Temp
TEMP=C:\Users\-ACER-~1\AppData\Local\Temp



Periodic native trim disabled


---------------  S Y S T E M  ---------------

OS:
 Windows 11 , 64 bit Build 22621 (10.0.22621.3958)
OS uptime: 24 days 1:45 hours
Hyper-V role detected

CPU: total 8 (initial active 8) (4 cores per cpu, 2 threads per core) family 6 model 154 stepping 4 microcode 0x429, cx8, cmov, fxsr, ht, mmx, 3dnowpref, sse, sse2, sse3, ssse3, sse4.1, sse4.2, popcnt, lzcnt, tsc, tscinvbit, avx, avx2, aes, erms, clmul, bmi1, bmi2, adx, sha, fma, vzeroupper, clflush, clflushopt, clwb, hv
Processor Information for processor 0
  Max Mhz: 1200, Current Mhz: 1200, Mhz Limit: 1200
Processor Information for processor 1
  Max Mhz: 1200, Current Mhz: 1200, Mhz Limit: 1200
Processor Information for processor 2
  Max Mhz: 1200, Current Mhz: 1200, Mhz Limit: 1200
Processor Information for processor 3
  Max Mhz: 1200, Current Mhz: 1200, Mhz Limit: 1200
Processor Information for processor 4
  Max Mhz: 1200, Current Mhz: 900, Mhz Limit: 900
Processor Information for processor 5
  Max Mhz: 1200, Current Mhz: 900, Mhz Limit: 900
Processor Information for processor 6
  Max Mhz: 1200, Current Mhz: 900, Mhz Limit: 900
Processor Information for processor 7
  Max Mhz: 1200, Current Mhz: 900, Mhz Limit: 900

Memory: 4k page, system-wide physical 7916M (399M free)
TotalPageFile size 27163M (AvailPageFile size 17M)
current process WorkingSet (physical memory assigned to process): 182M, peak: 182M
current process commit charge ("private bytes"): 277M, peak: 277M

vm_info: OpenJDK 64-Bit Server VM (17.0.13+11) for windows-amd64 JRE (17.0.13+11), built on Oct 16 2024 00:10:08 by "admin" with MS VC++ 17.7 (VS2022)

END.
